{"/Users/aumyogesh/software-testing/cs4218-2520-ecom-project-cs4218-2520-team16/client/src/components/AdminMenu.js": {"path":"/Users/aumyogesh/software-testing/cs4218-2520-ecom-project-cs4218-2520-team16/client/src/components/AdminMenu.js","statementMap":{"0":{"start":{"line":3,"column":18},"end":{"line":43,"column":1}},"1":{"start":{"line":4,"column":2},"end":{"line":42,"column":4}}},"fnMap":{"0":{"name":"(anonymous_0)","decl":{"start":{"line":3,"column":18},"end":{"line":3,"column":19}},"loc":{"start":{"line":3,"column":24},"end":{"line":43,"column":1}},"line":3}},"branchMap":{},"s":{"0":0,"1":0},"f":{"0":0},"b":{}}
,"/Users/aumyogesh/software-testing/cs4218-2520-ecom-project-cs4218-2520-team16/client/src/context/auth.js": {"path":"/Users/aumyogesh/software-testing/cs4218-2520-ecom-project-cs4218-2520-team16/client/src/context/auth.js","statementMap":{"0":{"start":{"line":5,"column":25},"end":{"line":5,"column":50}},"1":{"start":{"line":6,"column":20},"end":{"line":6,"column":63}},"2":{"start":{"line":8,"column":21},"end":{"line":34,"column":1}},"3":{"start":{"line":9,"column":28},"end":{"line":12,"column":6}},"4":{"start":{"line":15,"column":4},"end":{"line":15,"column":65}},"5":{"start":{"line":17,"column":4},"end":{"line":28,"column":11}},"6":{"start":{"line":18,"column":20},"end":{"line":18,"column":48}},"7":{"start":{"line":19,"column":7},"end":{"line":26,"column":8}},"8":{"start":{"line":20,"column":26},"end":{"line":20,"column":42}},"9":{"start":{"line":21,"column":8},"end":{"line":25,"column":11}},"10":{"start":{"line":29,"column":4},"end":{"line":33,"column":6}},"11":{"start":{"line":37,"column":16},"end":{"line":37,"column":45}},"12":{"start":{"line":37,"column":22},"end":{"line":37,"column":45}}},"fnMap":{"0":{"name":"(anonymous_0)","decl":{"start":{"line":6,"column":53},"end":{"line":6,"column":54}},"loc":{"start":{"line":6,"column":59},"end":{"line":6,"column":61}},"line":6},"1":{"name":"(anonymous_1)","decl":{"start":{"line":8,"column":21},"end":{"line":8,"column":22}},"loc":{"start":{"line":8,"column":39},"end":{"line":34,"column":1}},"line":8},"2":{"name":"(anonymous_2)","decl":{"start":{"line":17,"column":14},"end":{"line":17,"column":15}},"loc":{"start":{"line":17,"column":20},"end":{"line":28,"column":5}},"line":17},"3":{"name":"(anonymous_3)","decl":{"start":{"line":37,"column":16},"end":{"line":37,"column":17}},"loc":{"start":{"line":37,"column":22},"end":{"line":37,"column":45}},"line":37}},"branchMap":{"0":{"loc":{"start":{"line":19,"column":7},"end":{"line":26,"column":8}},"type":"if","locations":[{"start":{"line":19,"column":7},"end":{"line":26,"column":8}},{"start":{},"end":{}}],"line":19}},"s":{"0":0,"1":0,"2":0,"3":0,"4":0,"5":0,"6":0,"7":0,"8":0,"9":0,"10":0,"11":0,"12":0},"f":{"0":0,"1":0,"2":0,"3":0},"b":{"0":[0,0]}}
,"/Users/aumyogesh/software-testing/cs4218-2520-ecom-project-cs4218-2520-team16/client/src/pages/CartPage.js": {"path":"/Users/aumyogesh/software-testing/cs4218-2520-ecom-project-cs4218-2520-team16/client/src/pages/CartPage.js","statementMap":{"0":{"start":{"line":18,"column":17},"end":{"line":208,"column":1}},"1":{"start":{"line":19,"column":26},"end":{"line":19,"column":35}},"2":{"start":{"line":20,"column":26},"end":{"line":20,"column":35}},"3":{"start":{"line":21,"column":40},"end":{"line":21,"column":52}},"4":{"start":{"line":22,"column":34},"end":{"line":22,"column":46}},"5":{"start":{"line":23,"column":32},"end":{"line":23,"column":47}},"6":{"start":{"line":24,"column":19},"end":{"line":24,"column":32}},"7":{"start":{"line":27,"column":21},"end":{"line":40,"column":3}},"8":{"start":{"line":28,"column":4},"end":{"line":39,"column":5}},"9":{"start":{"line":29,"column":18},"end":{"line":29,"column":19}},"10":{"start":{"line":30,"column":6},"end":{"line":32,"column":9}},"11":{"start":{"line":31,"column":8},"end":{"line":31,"column":35}},"12":{"start":{"line":33,"column":6},"end":{"line":36,"column":9}},"13":{"start":{"line":38,"column":6},"end":{"line":38,"column":25}},"14":{"start":{"line":42,"column":25},"end":{"line":53,"column":3}},"15":{"start":{"line":43,"column":4},"end":{"line":52,"column":5}},"16":{"start":{"line":44,"column":19},"end":{"line":44,"column":28}},"17":{"start":{"line":45,"column":18},"end":{"line":45,"column":62}},"18":{"start":{"line":45,"column":45},"end":{"line":45,"column":61}},"19":{"start":{"line":46,"column":6},"end":{"line":46,"column":31}},"20":{"start":{"line":46,"column":24},"end":{"line":46,"column":31}},"21":{"start":{"line":47,"column":6},"end":{"line":47,"column":30}},"22":{"start":{"line":48,"column":6},"end":{"line":48,"column":22}},"23":{"start":{"line":49,"column":6},"end":{"line":49,"column":59}},"24":{"start":{"line":51,"column":6},"end":{"line":51,"column":25}},"25":{"start":{"line":56,"column":19},"end":{"line":63,"column":3}},"26":{"start":{"line":57,"column":4},"end":{"line":62,"column":5}},"27":{"start":{"line":58,"column":23},"end":{"line":58,"column":73}},"28":{"start":{"line":59,"column":6},"end":{"line":59,"column":40}},"29":{"start":{"line":61,"column":6},"end":{"line":61,"column":25}},"30":{"start":{"line":64,"column":2},"end":{"line":66,"column":20}},"31":{"start":{"line":65,"column":4},"end":{"line":65,"column":15}},"32":{"start":{"line":69,"column":24},"end":{"line":86,"column":3}},"33":{"start":{"line":70,"column":4},"end":{"line":85,"column":5}},"34":{"start":{"line":71,"column":6},"end":{"line":71,"column":23}},"35":{"start":{"line":72,"column":24},"end":{"line":72,"column":61}},"36":{"start":{"line":73,"column":23},"end":{"line":76,"column":8}},"37":{"start":{"line":77,"column":6},"end":{"line":77,"column":24}},"38":{"start":{"line":78,"column":6},"end":{"line":78,"column":38}},"39":{"start":{"line":79,"column":6},"end":{"line":79,"column":18}},"40":{"start":{"line":80,"column":6},"end":{"line":80,"column":41}},"41":{"start":{"line":81,"column":6},"end":{"line":81,"column":55}},"42":{"start":{"line":83,"column":6},"end":{"line":83,"column":25}},"43":{"start":{"line":84,"column":6},"end":{"line":84,"column":24}},"44":{"start":{"line":87,"column":2},"end":{"line":207,"column":4}},"45":{"start":{"line":110,"column":16},"end":{"line":133,"column":22}},"46":{"start":{"line":128,"column":37},"end":{"line":128,"column":58}},"47":{"start":{"line":148,"column":37},"end":{"line":148,"column":72}},"48":{"start":{"line":159,"column":37},"end":{"line":159,"column":72}},"49":{"start":{"line":167,"column":24},"end":{"line":169,"column":26}},"50":{"start":{"line":189,"column":48},"end":{"line":189,"column":69}}},"fnMap":{"0":{"name":"(anonymous_0)","decl":{"start":{"line":18,"column":17},"end":{"line":18,"column":18}},"loc":{"start":{"line":18,"column":23},"end":{"line":208,"column":1}},"line":18},"1":{"name":"(anonymous_1)","decl":{"start":{"line":27,"column":21},"end":{"line":27,"column":22}},"loc":{"start":{"line":27,"column":27},"end":{"line":40,"column":3}},"line":27},"2":{"name":"(anonymous_2)","decl":{"start":{"line":30,"column":16},"end":{"line":30,"column":17}},"loc":{"start":{"line":30,"column":26},"end":{"line":32,"column":7}},"line":30},"3":{"name":"(anonymous_3)","decl":{"start":{"line":42,"column":25},"end":{"line":42,"column":26}},"loc":{"start":{"line":42,"column":34},"end":{"line":53,"column":3}},"line":42},"4":{"name":"(anonymous_4)","decl":{"start":{"line":45,"column":35},"end":{"line":45,"column":36}},"loc":{"start":{"line":45,"column":45},"end":{"line":45,"column":61}},"line":45},"5":{"name":"(anonymous_5)","decl":{"start":{"line":56,"column":19},"end":{"line":56,"column":20}},"loc":{"start":{"line":56,"column":31},"end":{"line":63,"column":3}},"line":56},"6":{"name":"(anonymous_6)","decl":{"start":{"line":64,"column":12},"end":{"line":64,"column":13}},"loc":{"start":{"line":64,"column":18},"end":{"line":66,"column":3}},"line":64},"7":{"name":"(anonymous_7)","decl":{"start":{"line":69,"column":24},"end":{"line":69,"column":25}},"loc":{"start":{"line":69,"column":36},"end":{"line":86,"column":3}},"line":69},"8":{"name":"(anonymous_8)","decl":{"start":{"line":109,"column":25},"end":{"line":109,"column":26}},"loc":{"start":{"line":110,"column":16},"end":{"line":133,"column":22}},"line":110},"9":{"name":"(anonymous_9)","decl":{"start":{"line":128,"column":31},"end":{"line":128,"column":32}},"loc":{"start":{"line":128,"column":37},"end":{"line":128,"column":58}},"line":128},"10":{"name":"(anonymous_10)","decl":{"start":{"line":148,"column":31},"end":{"line":148,"column":32}},"loc":{"start":{"line":148,"column":37},"end":{"line":148,"column":72}},"line":148},"11":{"name":"(anonymous_11)","decl":{"start":{"line":159,"column":31},"end":{"line":159,"column":32}},"loc":{"start":{"line":159,"column":37},"end":{"line":159,"column":72}},"line":159},"12":{"name":"(anonymous_12)","decl":{"start":{"line":166,"column":31},"end":{"line":166,"column":32}},"loc":{"start":{"line":167,"column":24},"end":{"line":169,"column":26}},"line":167},"13":{"name":"(anonymous_13)","decl":{"start":{"line":189,"column":34},"end":{"line":189,"column":35}},"loc":{"start":{"line":189,"column":48},"end":{"line":189,"column":69}},"line":189}},"branchMap":{"0":{"loc":{"start":{"line":46,"column":6},"end":{"line":46,"column":31}},"type":"if","locations":[{"start":{"line":46,"column":6},"end":{"line":46,"column":31}},{"start":{},"end":{}}],"line":46},"1":{"loc":{"start":{"line":93,"column":15},"end":{"line":95,"column":60}},"type":"cond-expr","locations":[{"start":{"line":94,"column":18},"end":{"line":94,"column":31}},{"start":{"line":95,"column":18},"end":{"line":95,"column":60}}],"line":93},"2":{"loc":{"start":{"line":95,"column":27},"end":{"line":95,"column":58}},"type":"binary-expr","locations":[{"start":{"line":95,"column":27},"end":{"line":95,"column":38}},{"start":{"line":95,"column":42},"end":{"line":95,"column":58}}],"line":95},"3":{"loc":{"start":{"line":97,"column":17},"end":{"line":101,"column":41}},"type":"cond-expr","locations":[{"start":{"line":98,"column":20},"end":{"line":100,"column":22}},{"start":{"line":101,"column":20},"end":{"line":101,"column":41}}],"line":97},"4":{"loc":{"start":{"line":99,"column":22},"end":{"line":99,"column":69}},"type":"cond-expr","locations":[{"start":{"line":99,"column":36},"end":{"line":99,"column":38}},{"start":{"line":99,"column":41},"end":{"line":99,"column":69}}],"line":99},"5":{"loc":{"start":{"line":141,"column":15},"end":{"line":176,"column":15}},"type":"cond-expr","locations":[{"start":{"line":142,"column":16},"end":{"line":153,"column":19}},{"start":{"line":155,"column":16},"end":{"line":175,"column":22}}],"line":141},"6":{"loc":{"start":{"line":156,"column":19},"end":{"line":174,"column":19}},"type":"cond-expr","locations":[{"start":{"line":157,"column":20},"end":{"line":162,"column":29}},{"start":{"line":164,"column":20},"end":{"line":173,"column":29}}],"line":156},"7":{"loc":{"start":{"line":178,"column":17},"end":{"line":200,"column":17}},"type":"cond-expr","locations":[{"start":{"line":179,"column":18},"end":{"line":179,"column":20}},{"start":{"line":181,"column":18},"end":{"line":199,"column":21}}],"line":178},"8":{"loc":{"start":{"line":178,"column":17},"end":{"line":178,"column":62}},"type":"binary-expr","locations":[{"start":{"line":178,"column":17},"end":{"line":178,"column":29}},{"start":{"line":178,"column":33},"end":{"line":178,"column":45}},{"start":{"line":178,"column":49},"end":{"line":178,"column":62}}],"line":178},"9":{"loc":{"start":{"line":195,"column":32},"end":{"line":195,"column":76}},"type":"binary-expr","locations":[{"start":{"line":195,"column":32},"end":{"line":195,"column":39}},{"start":{"line":195,"column":43},"end":{"line":195,"column":52}},{"start":{"line":195,"column":56},"end":{"line":195,"column":76}}],"line":195},"10":{"loc":{"start":{"line":197,"column":23},"end":{"line":197,"column":67}},"type":"cond-expr","locations":[{"start":{"line":197,"column":33},"end":{"line":197,"column":50}},{"start":{"line":197,"column":53},"end":{"line":197,"column":67}}],"line":197}},"s":{"0":0,"1":0,"2":0,"3":0,"4":0,"5":0,"6":0,"7":0,"8":0,"9":0,"10":0,"11":0,"12":0,"13":0,"14":0,"15":0,"16":0,"17":0,"18":0,"19":0,"20":0,"21":0,"22":0,"23":0,"24":0,"25":0,"26":0,"27":0,"28":0,"29":0,"30":0,"31":0,"32":0,"33":0,"34":0,"35":0,"36":0,"37":0,"38":0,"39":0,"40":0,"41":0,"42":0,"43":0,"44":0,"45":0,"46":0,"47":0,"48":0,"49":0,"50":0},"f":{"0":0,"1":0,"2":0,"3":0,"4":0,"5":0,"6":0,"7":0,"8":0,"9":0,"10":0,"11":0,"12":0,"13":0},"b":{"0":[0,0],"1":[0,0],"2":[0,0],"3":[0,0],"4":[0,0],"5":[0,0],"6":[0,0],"7":[0,0],"8":[0,0,0],"9":[0,0,0],"10":[0,0]}}
,"/Users/aumyogesh/software-testing/cs4218-2520-ecom-project-cs4218-2520-team16/client/src/pages/Policy.js": {"path":"/Users/aumyogesh/software-testing/cs4218-2520-ecom-project-cs4218-2520-team16/client/src/pages/Policy.js","statementMap":{"0":{"start":{"line":4,"column":15},"end":{"line":27,"column":1}},"1":{"start":{"line":5,"column":2},"end":{"line":26,"column":4}}},"fnMap":{"0":{"name":"(anonymous_0)","decl":{"start":{"line":4,"column":15},"end":{"line":4,"column":16}},"loc":{"start":{"line":4,"column":21},"end":{"line":27,"column":1}},"line":4}},"branchMap":{},"s":{"0":0,"1":0},"f":{"0":0},"b":{}}
,"/Users/aumyogesh/software-testing/cs4218-2520-ecom-project-cs4218-2520-team16/client/src/pages/Search.js": {"path":"/Users/aumyogesh/software-testing/cs4218-2520-ecom-project-cs4218-2520-team16/client/src/pages/Search.js","statementMap":{"0":{"start":{"line":9,"column":15},"end":{"line":69,"column":1}},"1":{"start":{"line":10,"column":30},"end":{"line":10,"column":41}},"2":{"start":{"line":11,"column":26},"end":{"line":11,"column":35}},"3":{"start":{"line":12,"column":19},"end":{"line":12,"column":32}},"4":{"start":{"line":14,"column":2},"end":{"line":68,"column":4}},"5":{"start":{"line":26,"column":14},"end":{"line":62,"column":20}},"6":{"start":{"line":44,"column":35},"end":{"line":44,"column":65}},"7":{"start":{"line":51,"column":22},"end":{"line":51,"column":44}},"8":{"start":{"line":52,"column":22},"end":{"line":55,"column":24}},"9":{"start":{"line":56,"column":22},"end":{"line":56,"column":58}}},"fnMap":{"0":{"name":"(anonymous_0)","decl":{"start":{"line":9,"column":15},"end":{"line":9,"column":16}},"loc":{"start":{"line":9,"column":21},"end":{"line":69,"column":1}},"line":9},"1":{"name":"(anonymous_1)","decl":{"start":{"line":25,"column":33},"end":{"line":25,"column":34}},"loc":{"start":{"line":26,"column":14},"end":{"line":62,"column":20}},"line":26},"2":{"name":"(anonymous_2)","decl":{"start":{"line":44,"column":29},"end":{"line":44,"column":30}},"loc":{"start":{"line":44,"column":35},"end":{"line":44,"column":65}},"line":44},"3":{"name":"(anonymous_3)","decl":{"start":{"line":50,"column":29},"end":{"line":50,"column":30}},"loc":{"start":{"line":50,"column":35},"end":{"line":57,"column":21}},"line":50}},"branchMap":{"0":{"loc":{"start":{"line":20,"column":13},"end":{"line":22,"column":49}},"type":"cond-expr","locations":[{"start":{"line":21,"column":16},"end":{"line":21,"column":35}},{"start":{"line":22,"column":16},"end":{"line":22,"column":49}}],"line":20}},"s":{"0":0,"1":0,"2":0,"3":0,"4":0,"5":0,"6":0,"7":0,"8":0,"9":0},"f":{"0":0,"1":0,"2":0,"3":0},"b":{"0":[0,0]}}
,"/Users/aumyogesh/software-testing/cs4218-2520-ecom-project-cs4218-2520-team16/client/src/pages/Auth/Login.js": {"path":"/Users/aumyogesh/software-testing/cs4218-2520-ecom-project-cs4218-2520-team16/client/src/pages/Auth/Login.js","statementMap":{"0":{"start":{"line":11,"column":14},"end":{"line":99,"column":1}},"1":{"start":{"line":12,"column":28},"end":{"line":12,"column":40}},"2":{"start":{"line":13,"column":34},"end":{"line":13,"column":46}},"3":{"start":{"line":14,"column":26},"end":{"line":14,"column":35}},"4":{"start":{"line":16,"column":19},"end":{"line":16,"column":32}},"5":{"start":{"line":17,"column":19},"end":{"line":17,"column":32}},"6":{"start":{"line":20,"column":23},"end":{"line":50,"column":3}},"7":{"start":{"line":21,"column":4},"end":{"line":21,"column":23}},"8":{"start":{"line":22,"column":4},"end":{"line":49,"column":5}},"9":{"start":{"line":23,"column":18},"end":{"line":26,"column":8}},"10":{"start":{"line":27,"column":6},"end":{"line":45,"column":7}},"11":{"start":{"line":28,"column":8},"end":{"line":35,"column":11}},"12":{"start":{"line":36,"column":8},"end":{"line":40,"column":11}},"13":{"start":{"line":41,"column":8},"end":{"line":41,"column":63}},"14":{"start":{"line":42,"column":8},"end":{"line":42,"column":47}},"15":{"start":{"line":44,"column":8},"end":{"line":44,"column":56}},"16":{"start":{"line":47,"column":6},"end":{"line":47,"column":27}},"17":{"start":{"line":48,"column":6},"end":{"line":48,"column":42}},"18":{"start":{"line":51,"column":2},"end":{"line":98,"column":4}},"19":{"start":{"line":62,"column":31},"end":{"line":62,"column":55}},"20":{"start":{"line":73,"column":31},"end":{"line":73,"column":58}},"21":{"start":{"line":85,"column":16},"end":{"line":85,"column":45}}},"fnMap":{"0":{"name":"(anonymous_0)","decl":{"start":{"line":11,"column":14},"end":{"line":11,"column":15}},"loc":{"start":{"line":11,"column":20},"end":{"line":99,"column":1}},"line":11},"1":{"name":"(anonymous_1)","decl":{"start":{"line":20,"column":23},"end":{"line":20,"column":24}},"loc":{"start":{"line":20,"column":36},"end":{"line":50,"column":3}},"line":20},"2":{"name":"(anonymous_2)","decl":{"start":{"line":62,"column":24},"end":{"line":62,"column":25}},"loc":{"start":{"line":62,"column":31},"end":{"line":62,"column":55}},"line":62},"3":{"name":"(anonymous_3)","decl":{"start":{"line":73,"column":24},"end":{"line":73,"column":25}},"loc":{"start":{"line":73,"column":31},"end":{"line":73,"column":58}},"line":73},"4":{"name":"(anonymous_4)","decl":{"start":{"line":84,"column":23},"end":{"line":84,"column":24}},"loc":{"start":{"line":84,"column":29},"end":{"line":86,"column":15}},"line":84}},"branchMap":{"0":{"loc":{"start":{"line":27,"column":6},"end":{"line":45,"column":7}},"type":"if","locations":[{"start":{"line":27,"column":6},"end":{"line":45,"column":7}},{"start":{"line":43,"column":13},"end":{"line":45,"column":7}}],"line":27},"1":{"loc":{"start":{"line":27,"column":10},"end":{"line":27,"column":33}},"type":"binary-expr","locations":[{"start":{"line":27,"column":10},"end":{"line":27,"column":13}},{"start":{"line":27,"column":17},"end":{"line":27,"column":33}}],"line":27},"2":{"loc":{"start":{"line":42,"column":17},"end":{"line":42,"column":45}},"type":"binary-expr","locations":[{"start":{"line":42,"column":17},"end":{"line":42,"column":38}},{"start":{"line":42,"column":42},"end":{"line":42,"column":45}}],"line":42},"3":{"loc":{"start":{"line":44,"column":20},"end":{"line":44,"column":54}},"type":"binary-expr","locations":[{"start":{"line":44,"column":20},"end":{"line":44,"column":36}},{"start":{"line":44,"column":40},"end":{"line":44,"column":54}}],"line":44}},"s":{"0":0,"1":0,"2":0,"3":0,"4":0,"5":0,"6":0,"7":0,"8":0,"9":0,"10":0,"11":0,"12":0,"13":0,"14":0,"15":0,"16":0,"17":0,"18":0,"19":0,"20":0,"21":0},"f":{"0":0,"1":0,"2":0,"3":0,"4":0},"b":{"0":[0,0],"1":[0,0],"2":[0,0],"3":[0,0]}}
,"/Users/aumyogesh/software-testing/cs4218-2520-ecom-project-cs4218-2520-team16/client/src/pages/Auth/Register.js": {"path":"/Users/aumyogesh/software-testing/cs4218-2520-ecom-project-cs4218-2520-team16/client/src/pages/Auth/Register.js","statementMap":{"0":{"start":{"line":10,"column":17},"end":{"line":134,"column":1}},"1":{"start":{"line":11,"column":26},"end":{"line":11,"column":38}},"2":{"start":{"line":12,"column":28},"end":{"line":12,"column":40}},"3":{"start":{"line":13,"column":34},"end":{"line":13,"column":46}},"4":{"start":{"line":14,"column":28},"end":{"line":14,"column":40}},"5":{"start":{"line":15,"column":32},"end":{"line":15,"column":44}},"6":{"start":{"line":16,"column":24},"end":{"line":16,"column":36}},"7":{"start":{"line":17,"column":30},"end":{"line":17,"column":42}},"8":{"start":{"line":18,"column":19},"end":{"line":18,"column":32}},"9":{"start":{"line":21,"column":23},"end":{"line":42,"column":3}},"10":{"start":{"line":22,"column":4},"end":{"line":22,"column":23}},"11":{"start":{"line":23,"column":4},"end":{"line":41,"column":5}},"12":{"start":{"line":24,"column":18},"end":{"line":32,"column":8}},"13":{"start":{"line":33,"column":6},"end":{"line":38,"column":7}},"14":{"start":{"line":34,"column":8},"end":{"line":34,"column":61}},"15":{"start":{"line":35,"column":8},"end":{"line":35,"column":27}},"16":{"start":{"line":37,"column":8},"end":{"line":37,"column":63}},"17":{"start":{"line":40,"column":6},"end":{"line":40,"column":42}},"18":{"start":{"line":44,"column":2},"end":{"line":133,"column":4}},"19":{"start":{"line":53,"column":31},"end":{"line":53,"column":54}},"20":{"start":{"line":65,"column":31},"end":{"line":65,"column":55}},"21":{"start":{"line":76,"column":31},"end":{"line":76,"column":58}},"22":{"start":{"line":87,"column":31},"end":{"line":87,"column":55}},"23":{"start":{"line":98,"column":31},"end":{"line":98,"column":57}},"24":{"start":{"line":109,"column":31},"end":{"line":109,"column":53}},"25":{"start":{"line":120,"column":31},"end":{"line":120,"column":56}}},"fnMap":{"0":{"name":"(anonymous_0)","decl":{"start":{"line":10,"column":17},"end":{"line":10,"column":18}},"loc":{"start":{"line":10,"column":23},"end":{"line":134,"column":1}},"line":10},"1":{"name":"(anonymous_1)","decl":{"start":{"line":21,"column":23},"end":{"line":21,"column":24}},"loc":{"start":{"line":21,"column":36},"end":{"line":42,"column":3}},"line":21},"2":{"name":"(anonymous_2)","decl":{"start":{"line":53,"column":24},"end":{"line":53,"column":25}},"loc":{"start":{"line":53,"column":31},"end":{"line":53,"column":54}},"line":53},"3":{"name":"(anonymous_3)","decl":{"start":{"line":65,"column":24},"end":{"line":65,"column":25}},"loc":{"start":{"line":65,"column":31},"end":{"line":65,"column":55}},"line":65},"4":{"name":"(anonymous_4)","decl":{"start":{"line":76,"column":24},"end":{"line":76,"column":25}},"loc":{"start":{"line":76,"column":31},"end":{"line":76,"column":58}},"line":76},"5":{"name":"(anonymous_5)","decl":{"start":{"line":87,"column":24},"end":{"line":87,"column":25}},"loc":{"start":{"line":87,"column":31},"end":{"line":87,"column":55}},"line":87},"6":{"name":"(anonymous_6)","decl":{"start":{"line":98,"column":24},"end":{"line":98,"column":25}},"loc":{"start":{"line":98,"column":31},"end":{"line":98,"column":57}},"line":98},"7":{"name":"(anonymous_7)","decl":{"start":{"line":109,"column":24},"end":{"line":109,"column":25}},"loc":{"start":{"line":109,"column":31},"end":{"line":109,"column":53}},"line":109},"8":{"name":"(anonymous_8)","decl":{"start":{"line":120,"column":24},"end":{"line":120,"column":25}},"loc":{"start":{"line":120,"column":31},"end":{"line":120,"column":56}},"line":120}},"branchMap":{"0":{"loc":{"start":{"line":33,"column":6},"end":{"line":38,"column":7}},"type":"if","locations":[{"start":{"line":33,"column":6},"end":{"line":38,"column":7}},{"start":{"line":36,"column":13},"end":{"line":38,"column":7}}],"line":33},"1":{"loc":{"start":{"line":33,"column":10},"end":{"line":33,"column":33}},"type":"binary-expr","locations":[{"start":{"line":33,"column":10},"end":{"line":33,"column":13}},{"start":{"line":33,"column":17},"end":{"line":33,"column":33}}],"line":33},"2":{"loc":{"start":{"line":37,"column":20},"end":{"line":37,"column":61}},"type":"binary-expr","locations":[{"start":{"line":37,"column":20},"end":{"line":37,"column":36}},{"start":{"line":37,"column":40},"end":{"line":37,"column":61}}],"line":37}},"s":{"0":0,"1":0,"2":0,"3":0,"4":0,"5":0,"6":0,"7":0,"8":0,"9":0,"10":0,"11":0,"12":0,"13":0,"14":0,"15":0,"16":0,"17":0,"18":0,"19":0,"20":0,"21":0,"22":0,"23":0,"24":0,"25":0},"f":{"0":0,"1":0,"2":0,"3":0,"4":0,"5":0,"6":0,"7":0,"8":0},"b":{"0":[0,0],"1":[0,0],"2":[0,0]}}
,"/Users/aumyogesh/software-testing/cs4218-2520-ecom-project-cs4218-2520-team16/client/src/pages/admin/AdminDashboard.js": {"path":"/Users/aumyogesh/software-testing/cs4218-2520-ecom-project-cs4218-2520-team16/client/src/pages/admin/AdminDashboard.js","statementMap":{"0":{"start":{"line":5,"column":23},"end":{"line":25,"column":1}},"1":{"start":{"line":6,"column":17},"end":{"line":6,"column":26}},"2":{"start":{"line":7,"column":2},"end":{"line":24,"column":4}}},"fnMap":{"0":{"name":"(anonymous_0)","decl":{"start":{"line":5,"column":23},"end":{"line":5,"column":24}},"loc":{"start":{"line":5,"column":29},"end":{"line":25,"column":1}},"line":5}},"branchMap":{},"s":{"0":0,"1":0,"2":0},"f":{"0":0},"b":{}}
,"/Users/aumyogesh/software-testing/cs4218-2520-ecom-project-cs4218-2520-team16/client/src/pages/admin/AdminOrders.js": {"path":"/Users/aumyogesh/software-testing/cs4218-2520-ecom-project-cs4218-2520-team16/client/src/pages/admin/AdminOrders.js","statementMap":{"0":{"start":{"line":11,"column":19},"end":{"line":11,"column":25}},"1":{"start":{"line":13,"column":20},"end":{"line":128,"column":1}},"2":{"start":{"line":14,"column":30},"end":{"line":20,"column":4}},"3":{"start":{"line":21,"column":42},"end":{"line":21,"column":54}},"4":{"start":{"line":22,"column":30},"end":{"line":22,"column":42}},"5":{"start":{"line":23,"column":26},"end":{"line":23,"column":35}},"6":{"start":{"line":24,"column":20},"end":{"line":32,"column":3}},"7":{"start":{"line":25,"column":4},"end":{"line":31,"column":5}},"8":{"start":{"line":26,"column":23},"end":{"line":26,"column":65}},"9":{"start":{"line":27,"column":6},"end":{"line":27,"column":49}},"10":{"start":{"line":29,"column":6},"end":{"line":29,"column":20}},"11":{"start":{"line":30,"column":6},"end":{"line":30,"column":25}},"12":{"start":{"line":34,"column":2},"end":{"line":36,"column":20}},"13":{"start":{"line":35,"column":4},"end":{"line":35,"column":33}},"14":{"start":{"line":35,"column":21},"end":{"line":35,"column":33}},"15":{"start":{"line":38,"column":23},"end":{"line":47,"column":3}},"16":{"start":{"line":39,"column":4},"end":{"line":46,"column":5}},"17":{"start":{"line":40,"column":6},"end":{"line":42,"column":9}},"18":{"start":{"line":43,"column":6},"end":{"line":43,"column":18}},"19":{"start":{"line":45,"column":6},"end":{"line":45,"column":25}},"20":{"start":{"line":48,"column":2},"end":{"line":127,"column":4}},"21":{"start":{"line":58,"column":31},"end":{"line":58,"column":75}},"22":{"start":{"line":59,"column":14},"end":{"line":121,"column":16}},"23":{"start":{"line":78,"column":49},"end":{"line":78,"column":80}},"24":{"start":{"line":84,"column":34},"end":{"line":86,"column":43}},"25":{"start":{"line":101,"column":26},"end":{"line":116,"column":32}}},"fnMap":{"0":{"name":"(anonymous_0)","decl":{"start":{"line":13,"column":20},"end":{"line":13,"column":21}},"loc":{"start":{"line":13,"column":26},"end":{"line":128,"column":1}},"line":13},"1":{"name":"(anonymous_1)","decl":{"start":{"line":24,"column":20},"end":{"line":24,"column":21}},"loc":{"start":{"line":24,"column":32},"end":{"line":32,"column":3}},"line":24},"2":{"name":"(anonymous_2)","decl":{"start":{"line":34,"column":12},"end":{"line":34,"column":13}},"loc":{"start":{"line":34,"column":18},"end":{"line":36,"column":3}},"line":34},"3":{"name":"(anonymous_3)","decl":{"start":{"line":38,"column":23},"end":{"line":38,"column":24}},"loc":{"start":{"line":38,"column":49},"end":{"line":47,"column":3}},"line":38},"4":{"name":"(anonymous_4)","decl":{"start":{"line":57,"column":23},"end":{"line":57,"column":24}},"loc":{"start":{"line":57,"column":33},"end":{"line":122,"column":13}},"line":57},"5":{"name":"(anonymous_5)","decl":{"start":{"line":78,"column":38},"end":{"line":78,"column":39}},"loc":{"start":{"line":78,"column":49},"end":{"line":78,"column":80}},"line":78},"6":{"name":"(anonymous_6)","decl":{"start":{"line":83,"column":43},"end":{"line":83,"column":44}},"loc":{"start":{"line":84,"column":34},"end":{"line":86,"column":43}},"line":84},"7":{"name":"(anonymous_7)","decl":{"start":{"line":100,"column":37},"end":{"line":100,"column":38}},"loc":{"start":{"line":101,"column":26},"end":{"line":116,"column":32}},"line":101}},"branchMap":{"0":{"loc":{"start":{"line":27,"column":16},"end":{"line":27,"column":47}},"type":"cond-expr","locations":[{"start":{"line":27,"column":38},"end":{"line":27,"column":42}},{"start":{"line":27,"column":45},"end":{"line":27,"column":47}}],"line":27},"1":{"loc":{"start":{"line":35,"column":4},"end":{"line":35,"column":33}},"type":"if","locations":[{"start":{"line":35,"column":4},"end":{"line":35,"column":33}},{"start":{},"end":{}}],"line":35},"2":{"loc":{"start":{"line":56,"column":11},"end":{"line":123,"column":18}},"type":"cond-expr","locations":[{"start":{"line":57,"column":12},"end":{"line":122,"column":14}},{"start":{"line":123,"column":14},"end":{"line":123,"column":18}}],"line":56},"3":{"loc":{"start":{"line":56,"column":11},"end":{"line":56,"column":53}},"type":"binary-expr","locations":[{"start":{"line":56,"column":11},"end":{"line":56,"column":32}},{"start":{"line":56,"column":36},"end":{"line":56,"column":53}}],"line":56},"4":{"loc":{"start":{"line":58,"column":31},"end":{"line":58,"column":75}},"type":"cond-expr","locations":[{"start":{"line":58,"column":60},"end":{"line":58,"column":70}},{"start":{"line":58,"column":73},"end":{"line":58,"column":75}}],"line":58},"5":{"loc":{"start":{"line":60,"column":52},"end":{"line":60,"column":74}},"type":"cond-expr","locations":[{"start":{"line":60,"column":65},"end":{"line":60,"column":70}},{"start":{"line":60,"column":73},"end":{"line":60,"column":74}}],"line":60},"6":{"loc":{"start":{"line":60,"column":52},"end":{"line":60,"column":62}},"type":"binary-expr","locations":[{"start":{"line":60,"column":52},"end":{"line":60,"column":53}},{"start":{"line":60,"column":57},"end":{"line":60,"column":62}}],"line":60},"7":{"loc":{"start":{"line":78,"column":62},"end":{"line":78,"column":72}},"type":"binary-expr","locations":[{"start":{"line":78,"column":62},"end":{"line":78,"column":63}},{"start":{"line":78,"column":67},"end":{"line":78,"column":72}}],"line":78},"8":{"loc":{"start":{"line":79,"column":42},"end":{"line":79,"column":78}},"type":"cond-expr","locations":[{"start":{"line":79,"column":58},"end":{"line":79,"column":66}},{"start":{"line":79,"column":69},"end":{"line":79,"column":78}}],"line":79},"9":{"loc":{"start":{"line":79,"column":42},"end":{"line":79,"column":55}},"type":"binary-expr","locations":[{"start":{"line":79,"column":42},"end":{"line":79,"column":43}},{"start":{"line":79,"column":47},"end":{"line":79,"column":55}}],"line":79},"10":{"loc":{"start":{"line":82,"column":29},"end":{"line":88,"column":36}},"type":"cond-expr","locations":[{"start":{"line":83,"column":32},"end":{"line":87,"column":34}},{"start":{"line":88,"column":32},"end":{"line":88,"column":36}}],"line":82},"11":{"loc":{"start":{"line":91,"column":29},"end":{"line":91,"column":77}},"type":"cond-expr","locations":[{"start":{"line":91,"column":60},"end":{"line":91,"column":72}},{"start":{"line":91,"column":75},"end":{"line":91,"column":77}}],"line":91},"12":{"loc":{"start":{"line":91,"column":29},"end":{"line":91,"column":57}},"type":"binary-expr","locations":[{"start":{"line":91,"column":29},"end":{"line":91,"column":30}},{"start":{"line":91,"column":34},"end":{"line":91,"column":41}},{"start":{"line":91,"column":45},"end":{"line":91,"column":57}}],"line":91},"13":{"loc":{"start":{"line":92,"column":29},"end":{"line":92,"column":80}},"type":"cond-expr","locations":[{"start":{"line":92,"column":47},"end":{"line":92,"column":75}},{"start":{"line":92,"column":78},"end":{"line":92,"column":80}}],"line":92},"14":{"loc":{"start":{"line":92,"column":29},"end":{"line":92,"column":44}},"type":"binary-expr","locations":[{"start":{"line":92,"column":29},"end":{"line":92,"column":30}},{"start":{"line":92,"column":34},"end":{"line":92,"column":44}}],"line":92},"15":{"loc":{"start":{"line":93,"column":29},"end":{"line":93,"column":87}},"type":"cond-expr","locations":[{"start":{"line":93,"column":67},"end":{"line":93,"column":76}},{"start":{"line":93,"column":79},"end":{"line":93,"column":87}}],"line":93},"16":{"loc":{"start":{"line":93,"column":29},"end":{"line":93,"column":64}},"type":"binary-expr","locations":[{"start":{"line":93,"column":29},"end":{"line":93,"column":30}},{"start":{"line":93,"column":34},"end":{"line":93,"column":43}},{"start":{"line":93,"column":47},"end":{"line":93,"column":64}}],"line":93},"17":{"loc":{"start":{"line":99,"column":21},"end":{"line":118,"column":28}},"type":"cond-expr","locations":[{"start":{"line":100,"column":24},"end":{"line":117,"column":26}},{"start":{"line":118,"column":24},"end":{"line":118,"column":28}}],"line":99},"18":{"loc":{"start":{"line":101,"column":75},"end":{"line":101,"column":99}},"type":"cond-expr","locations":[{"start":{"line":101,"column":88},"end":{"line":101,"column":93}},{"start":{"line":101,"column":96},"end":{"line":101,"column":99}}],"line":101},"19":{"loc":{"start":{"line":101,"column":75},"end":{"line":101,"column":85}},"type":"binary-expr","locations":[{"start":{"line":101,"column":75},"end":{"line":101,"column":76}},{"start":{"line":101,"column":80},"end":{"line":101,"column":85}}],"line":101},"20":{"loc":{"start":{"line":104,"column":70},"end":{"line":104,"column":80}},"type":"binary-expr","locations":[{"start":{"line":104,"column":70},"end":{"line":104,"column":71}},{"start":{"line":104,"column":75},"end":{"line":104,"column":80}}],"line":104},"21":{"loc":{"start":{"line":106,"column":37},"end":{"line":106,"column":62}},"type":"cond-expr","locations":[{"start":{"line":106,"column":51},"end":{"line":106,"column":57}},{"start":{"line":106,"column":60},"end":{"line":106,"column":62}}],"line":106},"22":{"loc":{"start":{"line":106,"column":37},"end":{"line":106,"column":48}},"type":"binary-expr","locations":[{"start":{"line":106,"column":37},"end":{"line":106,"column":38}},{"start":{"line":106,"column":42},"end":{"line":106,"column":48}}],"line":106},"23":{"loc":{"start":{"line":112,"column":34},"end":{"line":112,"column":59}},"type":"cond-expr","locations":[{"start":{"line":112,"column":48},"end":{"line":112,"column":54}},{"start":{"line":112,"column":57},"end":{"line":112,"column":59}}],"line":112},"24":{"loc":{"start":{"line":112,"column":34},"end":{"line":112,"column":45}},"type":"binary-expr","locations":[{"start":{"line":112,"column":34},"end":{"line":112,"column":35}},{"start":{"line":112,"column":39},"end":{"line":112,"column":45}}],"line":112},"25":{"loc":{"start":{"line":113,"column":34},"end":{"line":113,"column":90}},"type":"cond-expr","locations":[{"start":{"line":113,"column":55},"end":{"line":113,"column":85}},{"start":{"line":113,"column":88},"end":{"line":113,"column":90}}],"line":113},"26":{"loc":{"start":{"line":113,"column":34},"end":{"line":113,"column":52}},"type":"binary-expr","locations":[{"start":{"line":113,"column":34},"end":{"line":113,"column":35}},{"start":{"line":113,"column":39},"end":{"line":113,"column":52}}],"line":113},"27":{"loc":{"start":{"line":114,"column":42},"end":{"line":114,"column":68}},"type":"cond-expr","locations":[{"start":{"line":114,"column":57},"end":{"line":114,"column":64}},{"start":{"line":114,"column":67},"end":{"line":114,"column":68}}],"line":114},"28":{"loc":{"start":{"line":114,"column":42},"end":{"line":114,"column":54}},"type":"binary-expr","locations":[{"start":{"line":114,"column":42},"end":{"line":114,"column":43}},{"start":{"line":114,"column":47},"end":{"line":114,"column":54}}],"line":114}},"s":{"0":1,"1":1,"2":49,"3":48,"4":48,"5":48,"6":48,"7":32,"8":32,"9":31,"10":1,"11":1,"12":48,"13":26,"14":25,"15":48,"16":8,"17":8,"18":7,"19":1,"20":48,"21":24,"22":24,"23":8,"24":120,"25":33},"f":{"0":49,"1":32,"2":26,"3":8,"4":24,"5":8,"6":120,"7":33},"b":{"0":[30,1],"1":[25,1],"2":[21,27],"3":[48,48],"4":[23,1],"5":[23,1],"6":[24,24],"7":[8,8],"8":[23,1],"9":[24,24],"10":[24,0],"11":[23,1],"12":[24,24,23],"13":[0,24],"14":[24,24],"15":[21,3],"16":[24,24,24],"17":[19,5],"18":[32,1],"19":[33,33],"20":[33,33],"21":[32,1],"22":[33,33],"23":[32,1],"24":[33,33],"25":[32,1],"26":[33,33],"27":[32,1],"28":[33,33]},"_coverageSchema":"1a1c01bbd47fc00a2c39e90264f33305004495a9","hash":"b83b9e939fd3bc5b03fcc69ee408e6a8a317ba2a"}
,"/Users/aumyogesh/software-testing/cs4218-2520-ecom-project-cs4218-2520-team16/client/src/pages/admin/Users.js": {"path":"/Users/aumyogesh/software-testing/cs4218-2520-ecom-project-cs4218-2520-team16/client/src/pages/admin/Users.js","statementMap":{"0":{"start":{"line":5,"column":14},"end":{"line":20,"column":1}},"1":{"start":{"line":6,"column":2},"end":{"line":19,"column":4}}},"fnMap":{"0":{"name":"(anonymous_0)","decl":{"start":{"line":5,"column":14},"end":{"line":5,"column":15}},"loc":{"start":{"line":5,"column":20},"end":{"line":20,"column":1}},"line":5}},"branchMap":{},"s":{"0":0,"1":0},"f":{"0":0},"b":{}}
,"/Users/aumyogesh/software-testing/cs4218-2520-ecom-project-cs4218-2520-team16/client/src/pages/user/Orders.js": {"path":"/Users/aumyogesh/software-testing/cs4218-2520-ecom-project-cs4218-2520-team16/client/src/pages/user/Orders.js","statementMap":{"0":{"start":{"line":9,"column":15},"end":{"line":86,"column":1}},"1":{"start":{"line":10,"column":30},"end":{"line":10,"column":42}},"2":{"start":{"line":11,"column":26},"end":{"line":11,"column":35}},"3":{"start":{"line":12,"column":20},"end":{"line":19,"column":3}},"4":{"start":{"line":13,"column":4},"end":{"line":18,"column":5}},"5":{"start":{"line":14,"column":23},"end":{"line":14,"column":61}},"6":{"start":{"line":15,"column":6},"end":{"line":15,"column":22}},"7":{"start":{"line":17,"column":6},"end":{"line":17,"column":25}},"8":{"start":{"line":21,"column":2},"end":{"line":23,"column":20}},"9":{"start":{"line":22,"column":4},"end":{"line":22,"column":33}},"10":{"start":{"line":22,"column":21},"end":{"line":22,"column":33}},"11":{"start":{"line":24,"column":2},"end":{"line":85,"column":4}},"12":{"start":{"line":34,"column":14},"end":{"line":79,"column":16}},"13":{"start":{"line":60,"column":22},"end":{"line":75,"column":28}}},"fnMap":{"0":{"name":"(anonymous_0)","decl":{"start":{"line":9,"column":15},"end":{"line":9,"column":16}},"loc":{"start":{"line":9,"column":21},"end":{"line":86,"column":1}},"line":9},"1":{"name":"(anonymous_1)","decl":{"start":{"line":12,"column":20},"end":{"line":12,"column":21}},"loc":{"start":{"line":12,"column":32},"end":{"line":19,"column":3}},"line":12},"2":{"name":"(anonymous_2)","decl":{"start":{"line":21,"column":12},"end":{"line":21,"column":13}},"loc":{"start":{"line":21,"column":18},"end":{"line":23,"column":3}},"line":21},"3":{"name":"(anonymous_3)","decl":{"start":{"line":33,"column":25},"end":{"line":33,"column":26}},"loc":{"start":{"line":33,"column":35},"end":{"line":80,"column":13}},"line":33},"4":{"name":"(anonymous_4)","decl":{"start":{"line":59,"column":38},"end":{"line":59,"column":39}},"loc":{"start":{"line":60,"column":22},"end":{"line":75,"column":28}},"line":60}},"branchMap":{"0":{"loc":{"start":{"line":22,"column":4},"end":{"line":22,"column":33}},"type":"if","locations":[{"start":{"line":22,"column":4},"end":{"line":22,"column":33}},{"start":{},"end":{}}],"line":22},"1":{"loc":{"start":{"line":53,"column":29},"end":{"line":53,"column":71}},"type":"cond-expr","locations":[{"start":{"line":53,"column":51},"end":{"line":53,"column":60}},{"start":{"line":53,"column":63},"end":{"line":53,"column":71}}],"line":53}},"s":{"0":1,"1":11,"2":11,"3":11,"4":6,"5":6,"6":5,"7":1,"8":11,"9":7,"10":6,"11":11,"12":8,"13":12},"f":{"0":11,"1":6,"2":7,"3":8,"4":12},"b":{"0":[6,1],"1":[4,4]},"_coverageSchema":"1a1c01bbd47fc00a2c39e90264f33305004495a9","hash":"211fd46758220f9481844f09db867d0cf4f6b465"}
,"/Users/aumyogesh/software-testing/cs4218-2520-ecom-project-cs4218-2520-team16/client/src/pages/user/Profile.js": {"path":"/Users/aumyogesh/software-testing/cs4218-2520-ecom-project-cs4218-2520-team16/client/src/pages/user/Profile.js","statementMap":{"0":{"start":{"line":8,"column":16},"end":{"line":131,"column":1}},"1":{"start":{"line":10,"column":26},"end":{"line":10,"column":35}},"2":{"start":{"line":12,"column":26},"end":{"line":12,"column":38}},"3":{"start":{"line":13,"column":28},"end":{"line":13,"column":40}},"4":{"start":{"line":14,"column":34},"end":{"line":14,"column":46}},"5":{"start":{"line":15,"column":28},"end":{"line":15,"column":40}},"6":{"start":{"line":16,"column":32},"end":{"line":16,"column":44}},"7":{"start":{"line":19,"column":2},"end":{"line":28,"column":19}},"8":{"start":{"line":21,"column":17},"end":{"line":21,"column":27}},"9":{"start":{"line":22,"column":4},"end":{"line":22,"column":22}},"10":{"start":{"line":22,"column":15},"end":{"line":22,"column":22}},"11":{"start":{"line":23,"column":44},"end":{"line":23,"column":48}},"12":{"start":{"line":24,"column":4},"end":{"line":24,"column":18}},"13":{"start":{"line":25,"column":4},"end":{"line":25,"column":20}},"14":{"start":{"line":26,"column":4},"end":{"line":26,"column":20}},"15":{"start":{"line":27,"column":4},"end":{"line":27,"column":24}},"16":{"start":{"line":31,"column":23},"end":{"line":56,"column":3}},"17":{"start":{"line":32,"column":4},"end":{"line":32,"column":23}},"18":{"start":{"line":33,"column":4},"end":{"line":55,"column":5}},"19":{"start":{"line":34,"column":23},"end":{"line":40,"column":8}},"20":{"start":{"line":41,"column":27},"end":{"line":41,"column":53}},"21":{"start":{"line":42,"column":6},"end":{"line":51,"column":7}},"22":{"start":{"line":43,"column":8},"end":{"line":43,"column":34}},"23":{"start":{"line":45,"column":8},"end":{"line":45,"column":54}},"24":{"start":{"line":46,"column":17},"end":{"line":46,"column":45}},"25":{"start":{"line":47,"column":8},"end":{"line":47,"column":28}},"26":{"start":{"line":48,"column":8},"end":{"line":48,"column":35}},"27":{"start":{"line":49,"column":8},"end":{"line":49,"column":57}},"28":{"start":{"line":50,"column":8},"end":{"line":50,"column":54}},"29":{"start":{"line":53,"column":6},"end":{"line":53,"column":25}},"30":{"start":{"line":54,"column":6},"end":{"line":54,"column":42}},"31":{"start":{"line":57,"column":2},"end":{"line":130,"column":4}},"32":{"start":{"line":72,"column":37},"end":{"line":72,"column":60}},"33":{"start":{"line":83,"column":37},"end":{"line":83,"column":61}},"34":{"start":{"line":94,"column":37},"end":{"line":94,"column":64}},"35":{"start":{"line":104,"column":37},"end":{"line":104,"column":61}},"36":{"start":{"line":114,"column":37},"end":{"line":114,"column":63}}},"fnMap":{"0":{"name":"(anonymous_0)","decl":{"start":{"line":8,"column":16},"end":{"line":8,"column":17}},"loc":{"start":{"line":8,"column":22},"end":{"line":131,"column":1}},"line":8},"1":{"name":"(anonymous_1)","decl":{"start":{"line":19,"column":12},"end":{"line":19,"column":13}},"loc":{"start":{"line":19,"column":18},"end":{"line":28,"column":3}},"line":19},"2":{"name":"(anonymous_2)","decl":{"start":{"line":31,"column":23},"end":{"line":31,"column":24}},"loc":{"start":{"line":31,"column":36},"end":{"line":56,"column":3}},"line":31},"3":{"name":"(anonymous_3)","decl":{"start":{"line":72,"column":30},"end":{"line":72,"column":31}},"loc":{"start":{"line":72,"column":37},"end":{"line":72,"column":60}},"line":72},"4":{"name":"(anonymous_4)","decl":{"start":{"line":83,"column":30},"end":{"line":83,"column":31}},"loc":{"start":{"line":83,"column":37},"end":{"line":83,"column":61}},"line":83},"5":{"name":"(anonymous_5)","decl":{"start":{"line":94,"column":30},"end":{"line":94,"column":31}},"loc":{"start":{"line":94,"column":37},"end":{"line":94,"column":64}},"line":94},"6":{"name":"(anonymous_6)","decl":{"start":{"line":104,"column":30},"end":{"line":104,"column":31}},"loc":{"start":{"line":104,"column":37},"end":{"line":104,"column":61}},"line":104},"7":{"name":"(anonymous_7)","decl":{"start":{"line":114,"column":30},"end":{"line":114,"column":31}},"loc":{"start":{"line":114,"column":37},"end":{"line":114,"column":63}},"line":114}},"branchMap":{"0":{"loc":{"start":{"line":22,"column":4},"end":{"line":22,"column":22}},"type":"if","locations":[{"start":{"line":22,"column":4},"end":{"line":22,"column":22}},{"start":{},"end":{}}],"line":22},"1":{"loc":{"start":{"line":41,"column":27},"end":{"line":41,"column":53}},"type":"binary-expr","locations":[{"start":{"line":41,"column":27},"end":{"line":41,"column":38}},{"start":{"line":41,"column":42},"end":{"line":41,"column":53}}],"line":41},"2":{"loc":{"start":{"line":42,"column":6},"end":{"line":51,"column":7}},"type":"if","locations":[{"start":{"line":42,"column":6},"end":{"line":51,"column":7}},{"start":{"line":44,"column":13},"end":{"line":51,"column":7}}],"line":42}},"s":{"0":0,"1":0,"2":0,"3":0,"4":0,"5":0,"6":0,"7":0,"8":0,"9":0,"10":0,"11":0,"12":0,"13":0,"14":0,"15":0,"16":0,"17":0,"18":0,"19":0,"20":0,"21":0,"22":0,"23":0,"24":0,"25":0,"26":0,"27":0,"28":0,"29":0,"30":0,"31":0,"32":0,"33":0,"34":0,"35":0,"36":0},"f":{"0":0,"1":0,"2":0,"3":0,"4":0,"5":0,"6":0,"7":0},"b":{"0":[0,0],"1":[0,0],"2":[0,0]}}
}
