{"/Users/rogeryao/Documents/cs4218-2520-ecom-project-cs4218-2520-team16/controllers/authController.js": {"path":"/Users/rogeryao/Documents/cs4218-2520-ecom-project-cs4218-2520-team16/controllers/authController.js","statementMap":{"0":{"start":{"line":9,"column":34},"end":{"line":65,"column":1}},"1":{"start":{"line":10,"column":2},"end":{"line":64,"column":3}},"2":{"start":{"line":11,"column":62},"end":{"line":11,"column":70}},"3":{"start":{"line":13,"column":4},"end":{"line":15,"column":5}},"4":{"start":{"line":14,"column":6},"end":{"line":14,"column":53}},"5":{"start":{"line":16,"column":4},"end":{"line":18,"column":5}},"6":{"start":{"line":17,"column":6},"end":{"line":17,"column":56}},"7":{"start":{"line":19,"column":4},"end":{"line":21,"column":5}},"8":{"start":{"line":20,"column":6},"end":{"line":20,"column":59}},"9":{"start":{"line":22,"column":4},"end":{"line":24,"column":5}},"10":{"start":{"line":23,"column":6},"end":{"line":23,"column":59}},"11":{"start":{"line":25,"column":4},"end":{"line":27,"column":5}},"12":{"start":{"line":26,"column":6},"end":{"line":26,"column":58}},"13":{"start":{"line":28,"column":4},"end":{"line":30,"column":5}},"14":{"start":{"line":29,"column":6},"end":{"line":29,"column":57}},"15":{"start":{"line":32,"column":26},"end":{"line":32,"column":60}},"16":{"start":{"line":34,"column":4},"end":{"line":39,"column":5}},"17":{"start":{"line":35,"column":6},"end":{"line":38,"column":9}},"18":{"start":{"line":41,"column":27},"end":{"line":41,"column":55}},"19":{"start":{"line":43,"column":17},"end":{"line":50,"column":13}},"20":{"start":{"line":52,"column":4},"end":{"line":56,"column":7}},"21":{"start":{"line":58,"column":4},"end":{"line":58,"column":23}},"22":{"start":{"line":59,"column":4},"end":{"line":63,"column":7}},"23":{"start":{"line":68,"column":31},"end":{"line":118,"column":1}},"24":{"start":{"line":69,"column":2},"end":{"line":117,"column":3}},"25":{"start":{"line":70,"column":32},"end":{"line":70,"column":40}},"26":{"start":{"line":72,"column":4},"end":{"line":77,"column":5}},"27":{"start":{"line":73,"column":6},"end":{"line":76,"column":9}},"28":{"start":{"line":79,"column":17},"end":{"line":79,"column":51}},"29":{"start":{"line":80,"column":4},"end":{"line":85,"column":5}},"30":{"start":{"line":81,"column":6},"end":{"line":84,"column":9}},"31":{"start":{"line":86,"column":18},"end":{"line":86,"column":64}},"32":{"start":{"line":87,"column":4},"end":{"line":92,"column":5}},"33":{"start":{"line":88,"column":6},"end":{"line":91,"column":9}},"34":{"start":{"line":94,"column":18},"end":{"line":96,"column":6}},"35":{"start":{"line":97,"column":4},"end":{"line":109,"column":7}},"36":{"start":{"line":111,"column":4},"end":{"line":111,"column":23}},"37":{"start":{"line":112,"column":4},"end":{"line":116,"column":7}},"38":{"start":{"line":122,"column":40},"end":{"line":157,"column":1}},"39":{"start":{"line":123,"column":2},"end":{"line":156,"column":3}},"40":{"start":{"line":124,"column":43},"end":{"line":124,"column":51}},"41":{"start":{"line":125,"column":4},"end":{"line":127,"column":5}},"42":{"start":{"line":126,"column":6},"end":{"line":126,"column":67}},"43":{"start":{"line":128,"column":4},"end":{"line":130,"column":5}},"44":{"start":{"line":129,"column":6},"end":{"line":129,"column":69}},"45":{"start":{"line":131,"column":4},"end":{"line":133,"column":5}},"46":{"start":{"line":132,"column":6},"end":{"line":132,"column":75}},"47":{"start":{"line":135,"column":17},"end":{"line":135,"column":59}},"48":{"start":{"line":137,"column":4},"end":{"line":142,"column":5}},"49":{"start":{"line":138,"column":6},"end":{"line":141,"column":9}},"50":{"start":{"line":143,"column":19},"end":{"line":143,"column":50}},"51":{"start":{"line":144,"column":4},"end":{"line":144,"column":70}},"52":{"start":{"line":145,"column":4},"end":{"line":148,"column":7}},"53":{"start":{"line":150,"column":4},"end":{"line":150,"column":23}},"54":{"start":{"line":151,"column":4},"end":{"line":155,"column":7}},"55":{"start":{"line":160,"column":30},"end":{"line":167,"column":1}},"56":{"start":{"line":161,"column":2},"end":{"line":166,"column":3}},"57":{"start":{"line":162,"column":4},"end":{"line":162,"column":33}},"58":{"start":{"line":164,"column":4},"end":{"line":164,"column":23}},"59":{"start":{"line":165,"column":4},"end":{"line":165,"column":24}},"60":{"start":{"line":170,"column":39},"end":{"line":202,"column":1}},"61":{"start":{"line":171,"column":2},"end":{"line":201,"column":3}},"62":{"start":{"line":172,"column":54},"end":{"line":172,"column":62}},"63":{"start":{"line":173,"column":17},"end":{"line":173,"column":55}},"64":{"start":{"line":175,"column":4},"end":{"line":177,"column":5}},"65":{"start":{"line":176,"column":6},"end":{"line":176,"column":79}},"66":{"start":{"line":178,"column":27},"end":{"line":178,"column":78}},"67":{"start":{"line":179,"column":24},"end":{"line":188,"column":5}},"68":{"start":{"line":189,"column":4},"end":{"line":193,"column":7}},"69":{"start":{"line":195,"column":4},"end":{"line":195,"column":23}},"70":{"start":{"line":196,"column":4},"end":{"line":200,"column":7}},"71":{"start":{"line":205,"column":35},"end":{"line":220,"column":1}},"72":{"start":{"line":206,"column":2},"end":{"line":219,"column":3}},"73":{"start":{"line":207,"column":19},"end":{"line":210,"column":32}},"74":{"start":{"line":211,"column":4},"end":{"line":211,"column":21}},"75":{"start":{"line":213,"column":4},"end":{"line":213,"column":23}},"76":{"start":{"line":214,"column":4},"end":{"line":218,"column":7}},"77":{"start":{"line":222,"column":38},"end":{"line":238,"column":1}},"78":{"start":{"line":223,"column":2},"end":{"line":237,"column":3}},"79":{"start":{"line":224,"column":19},"end":{"line":228,"column":32}},"80":{"start":{"line":229,"column":4},"end":{"line":229,"column":21}},"81":{"start":{"line":231,"column":4},"end":{"line":231,"column":23}},"82":{"start":{"line":232,"column":4},"end":{"line":236,"column":7}},"83":{"start":{"line":241,"column":37},"end":{"line":259,"column":1}},"84":{"start":{"line":242,"column":2},"end":{"line":258,"column":3}},"85":{"start":{"line":243,"column":24},"end":{"line":243,"column":34}},"86":{"start":{"line":244,"column":23},"end":{"line":244,"column":31}},"87":{"start":{"line":245,"column":19},"end":{"line":249,"column":5}},"88":{"start":{"line":250,"column":4},"end":{"line":250,"column":21}},"89":{"start":{"line":252,"column":4},"end":{"line":252,"column":23}},"90":{"start":{"line":253,"column":4},"end":{"line":257,"column":7}}},"fnMap":{"0":{"name":"(anonymous_0)","decl":{"start":{"line":9,"column":34},"end":{"line":9,"column":35}},"loc":{"start":{"line":9,"column":54},"end":{"line":65,"column":1}},"line":9},"1":{"name":"(anonymous_1)","decl":{"start":{"line":68,"column":31},"end":{"line":68,"column":32}},"loc":{"start":{"line":68,"column":51},"end":{"line":118,"column":1}},"line":68},"2":{"name":"(anonymous_2)","decl":{"start":{"line":122,"column":40},"end":{"line":122,"column":41}},"loc":{"start":{"line":122,"column":60},"end":{"line":157,"column":1}},"line":122},"3":{"name":"(anonymous_3)","decl":{"start":{"line":160,"column":30},"end":{"line":160,"column":31}},"loc":{"start":{"line":160,"column":44},"end":{"line":167,"column":1}},"line":160},"4":{"name":"(anonymous_4)","decl":{"start":{"line":170,"column":39},"end":{"line":170,"column":40}},"loc":{"start":{"line":170,"column":59},"end":{"line":202,"column":1}},"line":170},"5":{"name":"(anonymous_5)","decl":{"start":{"line":205,"column":35},"end":{"line":205,"column":36}},"loc":{"start":{"line":205,"column":55},"end":{"line":220,"column":1}},"line":205},"6":{"name":"(anonymous_6)","decl":{"start":{"line":222,"column":38},"end":{"line":222,"column":39}},"loc":{"start":{"line":222,"column":58},"end":{"line":238,"column":1}},"line":222},"7":{"name":"(anonymous_7)","decl":{"start":{"line":241,"column":37},"end":{"line":241,"column":38}},"loc":{"start":{"line":241,"column":57},"end":{"line":259,"column":1}},"line":241}},"branchMap":{"0":{"loc":{"start":{"line":13,"column":4},"end":{"line":15,"column":5}},"type":"if","locations":[{"start":{"line":13,"column":4},"end":{"line":15,"column":5}},{"start":{},"end":{}}],"line":13},"1":{"loc":{"start":{"line":16,"column":4},"end":{"line":18,"column":5}},"type":"if","locations":[{"start":{"line":16,"column":4},"end":{"line":18,"column":5}},{"start":{},"end":{}}],"line":16},"2":{"loc":{"start":{"line":19,"column":4},"end":{"line":21,"column":5}},"type":"if","locations":[{"start":{"line":19,"column":4},"end":{"line":21,"column":5}},{"start":{},"end":{}}],"line":19},"3":{"loc":{"start":{"line":22,"column":4},"end":{"line":24,"column":5}},"type":"if","locations":[{"start":{"line":22,"column":4},"end":{"line":24,"column":5}},{"start":{},"end":{}}],"line":22},"4":{"loc":{"start":{"line":25,"column":4},"end":{"line":27,"column":5}},"type":"if","locations":[{"start":{"line":25,"column":4},"end":{"line":27,"column":5}},{"start":{},"end":{}}],"line":25},"5":{"loc":{"start":{"line":28,"column":4},"end":{"line":30,"column":5}},"type":"if","locations":[{"start":{"line":28,"column":4},"end":{"line":30,"column":5}},{"start":{},"end":{}}],"line":28},"6":{"loc":{"start":{"line":34,"column":4},"end":{"line":39,"column":5}},"type":"if","locations":[{"start":{"line":34,"column":4},"end":{"line":39,"column":5}},{"start":{},"end":{}}],"line":34},"7":{"loc":{"start":{"line":72,"column":4},"end":{"line":77,"column":5}},"type":"if","locations":[{"start":{"line":72,"column":4},"end":{"line":77,"column":5}},{"start":{},"end":{}}],"line":72},"8":{"loc":{"start":{"line":72,"column":8},"end":{"line":72,"column":27}},"type":"binary-expr","locations":[{"start":{"line":72,"column":8},"end":{"line":72,"column":14}},{"start":{"line":72,"column":18},"end":{"line":72,"column":27}}],"line":72},"9":{"loc":{"start":{"line":80,"column":4},"end":{"line":85,"column":5}},"type":"if","locations":[{"start":{"line":80,"column":4},"end":{"line":85,"column":5}},{"start":{},"end":{}}],"line":80},"10":{"loc":{"start":{"line":87,"column":4},"end":{"line":92,"column":5}},"type":"if","locations":[{"start":{"line":87,"column":4},"end":{"line":92,"column":5}},{"start":{},"end":{}}],"line":87},"11":{"loc":{"start":{"line":125,"column":4},"end":{"line":127,"column":5}},"type":"if","locations":[{"start":{"line":125,"column":4},"end":{"line":127,"column":5}},{"start":{},"end":{}}],"line":125},"12":{"loc":{"start":{"line":128,"column":4},"end":{"line":130,"column":5}},"type":"if","locations":[{"start":{"line":128,"column":4},"end":{"line":130,"column":5}},{"start":{},"end":{}}],"line":128},"13":{"loc":{"start":{"line":131,"column":4},"end":{"line":133,"column":5}},"type":"if","locations":[{"start":{"line":131,"column":4},"end":{"line":133,"column":5}},{"start":{},"end":{}}],"line":131},"14":{"loc":{"start":{"line":137,"column":4},"end":{"line":142,"column":5}},"type":"if","locations":[{"start":{"line":137,"column":4},"end":{"line":142,"column":5}},{"start":{},"end":{}}],"line":137},"15":{"loc":{"start":{"line":175,"column":4},"end":{"line":177,"column":5}},"type":"if","locations":[{"start":{"line":175,"column":4},"end":{"line":177,"column":5}},{"start":{},"end":{}}],"line":175},"16":{"loc":{"start":{"line":175,"column":8},"end":{"line":175,"column":39}},"type":"binary-expr","locations":[{"start":{"line":175,"column":8},"end":{"line":175,"column":16}},{"start":{"line":175,"column":20},"end":{"line":175,"column":39}}],"line":175},"17":{"loc":{"start":{"line":178,"column":27},"end":{"line":178,"column":78}},"type":"cond-expr","locations":[{"start":{"line":178,"column":38},"end":{"line":178,"column":66}},{"start":{"line":178,"column":69},"end":{"line":178,"column":78}}],"line":178},"18":{"loc":{"start":{"line":182,"column":14},"end":{"line":182,"column":31}},"type":"binary-expr","locations":[{"start":{"line":182,"column":14},"end":{"line":182,"column":18}},{"start":{"line":182,"column":22},"end":{"line":182,"column":31}}],"line":182},"19":{"loc":{"start":{"line":183,"column":18},"end":{"line":183,"column":49}},"type":"binary-expr","locations":[{"start":{"line":183,"column":18},"end":{"line":183,"column":32}},{"start":{"line":183,"column":36},"end":{"line":183,"column":49}}],"line":183},"20":{"loc":{"start":{"line":184,"column":15},"end":{"line":184,"column":34}},"type":"binary-expr","locations":[{"start":{"line":184,"column":15},"end":{"line":184,"column":20}},{"start":{"line":184,"column":24},"end":{"line":184,"column":34}}],"line":184},"21":{"loc":{"start":{"line":185,"column":17},"end":{"line":185,"column":40}},"type":"binary-expr","locations":[{"start":{"line":185,"column":17},"end":{"line":185,"column":24}},{"start":{"line":185,"column":28},"end":{"line":185,"column":40}}],"line":185}},"s":{"0":0,"1":0,"2":0,"3":0,"4":0,"5":0,"6":0,"7":0,"8":0,"9":0,"10":0,"11":0,"12":0,"13":0,"14":0,"15":0,"16":0,"17":0,"18":0,"19":0,"20":0,"21":0,"22":0,"23":0,"24":0,"25":0,"26":0,"27":0,"28":0,"29":0,"30":0,"31":0,"32":0,"33":0,"34":0,"35":0,"36":0,"37":0,"38":0,"39":0,"40":0,"41":0,"42":0,"43":0,"44":0,"45":0,"46":0,"47":0,"48":0,"49":0,"50":0,"51":0,"52":0,"53":0,"54":0,"55":0,"56":0,"57":0,"58":0,"59":0,"60":0,"61":0,"62":0,"63":0,"64":0,"65":0,"66":0,"67":0,"68":0,"69":0,"70":0,"71":0,"72":0,"73":0,"74":0,"75":0,"76":0,"77":0,"78":0,"79":0,"80":0,"81":0,"82":0,"83":0,"84":0,"85":0,"86":0,"87":0,"88":0,"89":0,"90":0},"f":{"0":0,"1":0,"2":0,"3":0,"4":0,"5":0,"6":0,"7":0},"b":{"0":[0,0],"1":[0,0],"2":[0,0],"3":[0,0],"4":[0,0],"5":[0,0],"6":[0,0],"7":[0,0],"8":[0,0],"9":[0,0],"10":[0,0],"11":[0,0],"12":[0,0],"13":[0,0],"14":[0,0],"15":[0,0],"16":[0,0],"17":[0,0],"18":[0,0],"19":[0,0],"20":[0,0],"21":[0,0]}}
,"/Users/rogeryao/Documents/cs4218-2520-ecom-project-cs4218-2520-team16/helpers/authHelper.js": {"path":"/Users/rogeryao/Documents/cs4218-2520-ecom-project-cs4218-2520-team16/helpers/authHelper.js","statementMap":{"0":{"start":{"line":3,"column":28},"end":{"line":12,"column":1}},"1":{"start":{"line":4,"column":4},"end":{"line":11,"column":5}},"2":{"start":{"line":5,"column":27},"end":{"line":5,"column":29}},"3":{"start":{"line":6,"column":31},"end":{"line":6,"column":70}},"4":{"start":{"line":7,"column":8},"end":{"line":7,"column":30}},"5":{"start":{"line":10,"column":8},"end":{"line":10,"column":27}},"6":{"start":{"line":14,"column":31},"end":{"line":16,"column":1}},"7":{"start":{"line":15,"column":4},"end":{"line":15,"column":52}}},"fnMap":{"0":{"name":"(anonymous_0)","decl":{"start":{"line":3,"column":28},"end":{"line":3,"column":29}},"loc":{"start":{"line":3,"column":48},"end":{"line":12,"column":1}},"line":3},"1":{"name":"(anonymous_1)","decl":{"start":{"line":14,"column":31},"end":{"line":14,"column":32}},"loc":{"start":{"line":14,"column":66},"end":{"line":16,"column":1}},"line":14}},"branchMap":{},"s":{"0":1,"1":2,"2":2,"3":2,"4":1,"5":1,"6":1,"7":1},"f":{"0":2,"1":1},"b":{},"_coverageSchema":"1a1c01bbd47fc00a2c39e90264f33305004495a9","hash":"05e4e2d24e92d866080bee9594a6af2e126fb986"}
,"/Users/rogeryao/Documents/cs4218-2520-ecom-project-cs4218-2520-team16/middlewares/authMiddleware.js": {"path":"/Users/rogeryao/Documents/cs4218-2520-ecom-project-cs4218-2520-team16/middlewares/authMiddleware.js","statementMap":{"0":{"start":{"line":5,"column":29},"end":{"line":16,"column":1}},"1":{"start":{"line":6,"column":4},"end":{"line":15,"column":5}},"2":{"start":{"line":7,"column":23},"end":{"line":10,"column":9}},"3":{"start":{"line":11,"column":8},"end":{"line":11,"column":26}},"4":{"start":{"line":12,"column":8},"end":{"line":12,"column":15}},"5":{"start":{"line":14,"column":8},"end":{"line":14,"column":27}},"6":{"start":{"line":19,"column":23},"end":{"line":38,"column":1}},"7":{"start":{"line":20,"column":4},"end":{"line":37,"column":5}},"8":{"start":{"line":21,"column":21},"end":{"line":21,"column":59}},"9":{"start":{"line":22,"column":8},"end":{"line":29,"column":9}},"10":{"start":{"line":23,"column":12},"end":{"line":26,"column":15}},"11":{"start":{"line":28,"column":12},"end":{"line":28,"column":19}},"12":{"start":{"line":31,"column":8},"end":{"line":31,"column":27}},"13":{"start":{"line":32,"column":8},"end":{"line":36,"column":11}}},"fnMap":{"0":{"name":"(anonymous_0)","decl":{"start":{"line":5,"column":29},"end":{"line":5,"column":30}},"loc":{"start":{"line":5,"column":55},"end":{"line":16,"column":1}},"line":5},"1":{"name":"(anonymous_1)","decl":{"start":{"line":19,"column":23},"end":{"line":19,"column":24}},"loc":{"start":{"line":19,"column":49},"end":{"line":38,"column":1}},"line":19}},"branchMap":{"0":{"loc":{"start":{"line":22,"column":8},"end":{"line":29,"column":9}},"type":"if","locations":[{"start":{"line":22,"column":8},"end":{"line":29,"column":9}},{"start":{"line":27,"column":15},"end":{"line":29,"column":9}}],"line":22}},"s":{"0":0,"1":0,"2":0,"3":0,"4":0,"5":0,"6":0,"7":0,"8":0,"9":0,"10":0,"11":0,"12":0,"13":0},"f":{"0":0,"1":0},"b":{"0":[0,0]}}
}
