TN:
SF:client/src/_site/components/Footer.js
FN:4,(anonymous_0)
FNF:1
FNH:1
FNDA:27,(anonymous_0)
DA:4,2
DA:5,27
LF:2
LH:2
BRF:0
BRH:0
end_of_record
TN:
SF:client/src/_site/components/Header.js
FN:10,(anonymous_0)
FN:14,(anonymous_1)
FN:63,(anonymous_2)
FNF:3
FNH:1
FNDA:28,(anonymous_0)
FNDA:0,(anonymous_1)
FNDA:0,(anonymous_2)
DA:10,2
DA:11,28
DA:12,28
DA:13,28
DA:14,27
DA:15,0
DA:20,0
DA:21,0
DA:23,27
DA:64,0
LF:10
LH:6
BRDA:76,0,0,27
BRDA:76,0,1,0
BRDA:105,1,0,0
BRDA:105,1,1,0
BRF:4
BRH:1
end_of_record
TN:
SF:client/src/_site/components/Layout.js
FN:8,(anonymous_0)
FNF:1
FNH:1
FNDA:27,(anonymous_0)
DA:8,2
DA:9,27
DA:28,2
LF:3
LH:3
BRF:0
BRH:0
end_of_record
TN:
SF:client/src/_site/components/Form/SearchInput.js
FN:5,(anonymous_0)
FN:9,(anonymous_1)
FN:30,(anonymous_2)
FNF:3
FNH:1
FNDA:27,(anonymous_0)
FNDA:0,(anonymous_1)
FNDA:0,(anonymous_2)
DA:5,2
DA:6,27
DA:7,27
DA:9,27
DA:10,0
DA:11,0
DA:12,0
DA:15,0
DA:16,0
DA:18,0
DA:21,27
DA:30,0
LF:12
LH:5
BRF:0
BRH:0
end_of_record
TN:
SF:client/src/_site/hooks/useCategory.js
FN:4,useCategory
FN:8,(anonymous_1)
FN:17,(anonymous_2)
FNF:3
FNH:3
FNDA:28,useCategory
FNDA:7,(anonymous_1)
FNDA:7,(anonymous_2)
DA:5,28
DA:8,27
DA:9,7
DA:10,7
DA:11,7
DA:13,0
DA:17,27
DA:18,7
DA:21,27
LF:9
LH:8
BRDA:11,0,0,7
BRDA:11,0,1,7
BRF:2
BRH:2
end_of_record
TN:
SF:client/src/_site/pages/Auth/Login.js
FN:9,(anonymous_0)
FN:20,(anonymous_1)
FN:62,(anonymous_2)
FN:73,(anonymous_3)
FN:84,(anonymous_4)
FNF:5
FNH:4
FNDA:12,(anonymous_0)
FNDA:2,(anonymous_1)
FNDA:3,(anonymous_2)
FNDA:3,(anonymous_3)
FNDA:0,(anonymous_4)
DA:9,1
DA:10,12
DA:11,11
DA:12,11
DA:15,11
DA:16,11
DA:20,11
DA:21,2
DA:22,2
DA:23,2
DA:27,1
DA:28,1
DA:36,1
DA:41,1
DA:42,1
DA:44,0
DA:47,1
DA:48,1
DA:51,11
DA:62,3
DA:73,3
DA:85,0
LF:22
LH:20
BRDA:27,0,0,1
BRDA:27,0,1,0
BRDA:27,1,0,1
BRDA:27,1,1,1
BRDA:28,2,0,1
BRDA:28,2,1,1
BRDA:42,3,0,1
BRDA:42,3,1,1
BRF:8
BRH:7
end_of_record
TN:
SF:client/src/_site/pages/Auth/Register.js
FN:7,(anonymous_0)
FN:18,(anonymous_1)
FN:51,(anonymous_2)
FN:63,(anonymous_3)
FN:74,(anonymous_4)
FN:85,(anonymous_5)
FN:96,(anonymous_6)
FN:107,(anonymous_7)
FN:118,(anonymous_8)
FNF:9
FNH:9
FNDA:16,(anonymous_0)
FNDA:2,(anonymous_1)
FNDA:2,(anonymous_2)
FNDA:2,(anonymous_3)
FNDA:2,(anonymous_4)
FNDA:2,(anonymous_5)
FNDA:2,(anonymous_6)
FNDA:2,(anonymous_7)
FNDA:2,(anonymous_8)
DA:7,1
DA:8,16
DA:9,16
DA:10,16
DA:11,16
DA:12,16
DA:13,16
DA:14,16
DA:15,16
DA:18,16
DA:19,2
DA:20,2
DA:21,2
DA:30,1
DA:31,1
DA:32,1
DA:34,0
DA:37,1
DA:38,1
DA:42,16
DA:51,2
DA:63,2
DA:74,2
DA:85,2
DA:96,2
DA:107,2
DA:118,2
LF:27
LH:26
BRDA:30,0,0,1
BRDA:30,0,1,0
BRDA:30,1,0,1
BRDA:30,1,1,1
BRF:4
BRH:3
end_of_record
TN:
SF:client/src/components/AdminMenu.js
FN:3,(anonymous_0)
FNF:1
FNH:1
FNDA:5,(anonymous_0)
DA:3,1
DA:4,5
LF:2
LH:2
BRF:0
BRH:0
end_of_record
TN:
SF:client/src/components/Header.js
FN:10,(anonymous_0)
FN:14,(anonymous_1)
FN:65,(anonymous_2)
FNF:3
FNH:3
FNDA:8,(anonymous_0)
FNDA:1,(anonymous_1)
FNDA:14,(anonymous_2)
DA:10,3
DA:11,8
DA:12,8
DA:13,8
DA:14,8
DA:15,1
DA:20,1
DA:21,1
DA:25,8
DA:66,14
LF:10
LH:10
BRDA:66,0,0,14
BRDA:66,0,1,0
BRDA:78,1,0,7
BRDA:78,1,1,1
BRDA:107,2,0,0
BRDA:107,2,1,1
BRF:6
BRH:4
end_of_record
TN:
SF:client/src/components/Spinner.js
FN:4,(anonymous_0)
FN:9,(anonymous_1)
FN:10,(anonymous_2)
FN:11,(anonymous_3)
FN:16,(anonymous_4)
FNF:5
FNH:3
FNDA:7,(anonymous_0)
FNDA:4,(anonymous_1)
FNDA:0,(anonymous_2)
FNDA:0,(anonymous_3)
FNDA:4,(anonymous_4)
DA:4,1
DA:5,7
DA:6,7
DA:7,7
DA:9,7
DA:10,4
DA:11,0
DA:13,4
DA:16,4
DA:18,7
LF:10
LH:9
BRDA:4,0,0,4
BRDA:13,1,0,4
BRDA:13,1,1,0
BRF:3
BRH:2
end_of_record
TN:
SF:client/src/components/Form/SearchInput.js
FN:6,(anonymous_0)
FN:10,(anonymous_1)
FN:34,(anonymous_2)
FNF:3
FNH:3
FNDA:19,(anonymous_0)
FNDA:2,(anonymous_1)
FNDA:7,(anonymous_2)
DA:6,4
DA:7,19
DA:8,19
DA:10,19
DA:11,2
DA:12,2
DA:13,2
DA:16,2
DA:19,0
DA:20,0
DA:22,2
DA:25,19
DA:34,7
LF:13
LH:11
BRF:0
BRH:0
end_of_record
TN:
SF:client/src/components/Routes/AdminRoute.js
FN:8,AdminRoute
FN:12,(anonymous_1)
FN:13,(anonymous_2)
FNF:3
FNH:3
FNDA:5,AdminRoute
FNDA:4,(anonymous_1)
FNDA:2,(anonymous_2)
DA:9,5
DA:10,5
DA:12,5
DA:13,4
DA:14,2
DA:15,2
DA:16,1
DA:18,1
DA:21,4
DA:24,5
LF:10
LH:10
BRDA:15,0,0,1
BRDA:15,0,1,1
BRDA:21,1,0,2
BRDA:21,1,1,2
BRDA:24,2,0,1
BRDA:24,2,1,4
BRF:6
BRH:6
end_of_record
TN:
SF:client/src/components/Routes/Private.js
FN:8,PrivateRoute
FN:12,(anonymous_1)
FN:13,(anonymous_2)
FNF:3
FNH:3
FNDA:4,PrivateRoute
FNDA:3,(anonymous_1)
FNDA:1,(anonymous_2)
DA:9,4
DA:10,4
DA:12,4
DA:13,3
DA:14,1
DA:15,1
DA:16,1
DA:18,0
DA:21,3
DA:24,4
LF:10
LH:9
BRDA:15,0,0,1
BRDA:15,0,1,0
BRDA:21,1,0,1
BRDA:21,1,1,2
BRDA:24,2,0,1
BRDA:24,2,1,3
BRF:6
BRH:5
end_of_record
TN:
SF:client/src/context/auth.js
FN:6,(anonymous_0)
FN:8,(anonymous_1)
FN:17,(anonymous_2)
FN:37,(anonymous_3)
FNF:4
FNH:4
FNDA:1,(anonymous_0)
FNDA:53,(anonymous_1)
FNDA:45,(anonymous_2)
FNDA:55,(anonymous_3)
DA:5,9
DA:6,9
DA:8,9
DA:9,53
DA:15,53
DA:17,53
DA:18,45
DA:19,45
DA:20,7
DA:21,7
DA:29,53
DA:37,55
LF:12
LH:12
BRDA:19,0,0,7
BRDA:19,0,1,38
BRF:2
BRH:2
end_of_record
TN:
SF:client/src/context/cart.js
FN:10,(anonymous_0)
FN:11,(anonymous_1)
FN:14,(anonymous_2)
FN:19,(anonymous_3)
FN:33,(anonymous_4)
FNF:5
FNH:4
FNDA:0,(anonymous_0)
FNDA:67,(anonymous_1)
FNDA:42,(anonymous_2)
FNDA:67,(anonymous_3)
FNDA:120,(anonymous_4)
DA:10,5
DA:11,5
DA:12,67
DA:14,67
DA:15,42
DA:16,42
DA:19,67
DA:20,67
DA:21,23
DA:25,67
DA:33,120
LF:11
LH:11
BRDA:16,0,0,12
BRDA:16,0,1,30
BRDA:20,1,0,23
BRDA:20,1,1,44
BRF:4
BRH:4
end_of_record
TN:
SF:client/src/context/search.js
FN:6,(anonymous_0)
FN:7,(anonymous_1)
FN:21,(anonymous_2)
FNF:3
FNH:2
FNDA:0,(anonymous_0)
FNDA:28,(anonymous_1)
FNDA:19,(anonymous_2)
DA:5,4
DA:6,4
DA:7,4
DA:8,28
DA:13,28
DA:21,19
LF:6
LH:6
BRF:0
BRH:0
end_of_record
TN:
SF:client/src/hooks/useCategory.js
FN:4,useCategory
FN:9,(anonymous_1)
FN:18,(anonymous_2)
FNF:3
FNH:3
FNDA:4,useCategory
FNDA:3,(anonymous_1)
FNDA:3,(anonymous_2)
DA:5,4
DA:9,4
DA:10,3
DA:11,3
DA:12,2
DA:14,1
DA:18,4
DA:19,3
DA:22,4
LF:9
LH:9
BRDA:12,0,0,2
BRDA:12,0,1,1
BRF:2
BRH:2
end_of_record
TN:
SF:client/src/pages/About.js
FN:4,(anonymous_0)
FNF:1
FNH:1
FNDA:5,(anonymous_0)
DA:4,1
DA:5,5
LF:2
LH:2
BRF:0
BRH:0
end_of_record
TN:
SF:client/src/pages/CartPage.js
FN:18,(anonymous_0)
FN:27,(anonymous_1)
FN:30,(anonymous_2)
FN:42,(anonymous_3)
FN:45,(anonymous_4)
FN:56,(anonymous_5)
FN:64,(anonymous_6)
FN:69,(anonymous_7)
FN:109,(anonymous_8)
FN:128,(anonymous_9)
FN:148,(anonymous_10)
FN:159,(anonymous_11)
FN:166,(anonymous_12)
FN:189,(anonymous_13)
FNF:14
FNH:11
FNDA:53,(anonymous_0)
FNDA:52,(anonymous_1)
FNDA:45,(anonymous_2)
FNDA:4,(anonymous_3)
FNDA:4,(anonymous_4)
FNDA:19,(anonymous_5)
FNDA:19,(anonymous_6)
FNDA:3,(anonymous_7)
FNDA:45,(anonymous_8)
FNDA:4,(anonymous_9)
FNDA:0,(anonymous_10)
FNDA:0,(anonymous_11)
FNDA:0,(anonymous_12)
FNDA:5,(anonymous_13)
DA:18,2
DA:19,53
DA:20,53
DA:21,53
DA:22,52
DA:23,52
DA:24,52
DA:27,52
DA:28,52
DA:29,52
DA:30,52
DA:31,45
DA:33,52
DA:38,0
DA:42,52
DA:43,4
DA:44,4
DA:45,4
DA:46,4
DA:47,4
DA:48,4
DA:49,4
DA:51,0
DA:56,52
DA:57,19
DA:58,19
DA:59,19
DA:61,0
DA:64,52
DA:65,19
DA:69,52
DA:70,3
DA:71,3
DA:72,3
DA:73,3
DA:77,3
DA:78,3
DA:79,3
DA:80,3
DA:81,3
DA:83,0
DA:84,0
DA:87,52
DA:110,45
DA:128,4
DA:148,0
DA:159,0
DA:167,0
DA:189,5
LF:49
LH:41
BRDA:46,0,0,0
BRDA:46,0,1,4
BRDA:93,1,0,26
BRDA:93,1,1,26
BRDA:95,2,0,26
BRDA:95,2,1,26
BRDA:97,3,0,38
BRDA:97,3,1,14
BRDA:99,4,0,22
BRDA:99,4,1,16
BRDA:141,5,0,26
BRDA:141,5,1,26
BRDA:156,6,0,0
BRDA:156,6,1,26
BRDA:178,7,0,37
BRDA:178,7,1,15
BRDA:178,8,0,52
BRDA:178,8,1,19
BRDA:178,8,2,18
BRDA:195,9,0,15
BRDA:195,9,1,11
BRDA:195,9,2,4
BRDA:197,10,0,4
BRDA:197,10,1,11
BRF:24
BRH:22
end_of_record
TN:
SF:client/src/pages/Categories.js
FN:5,(anonymous_0)
FN:11,(anonymous_1)
FNF:2
FNH:2
FNDA:2,(anonymous_0)
FNDA:2,(anonymous_1)
DA:5,1
DA:6,2
DA:7,2
DA:12,2
LF:4
LH:4
BRF:0
BRH:0
end_of_record
TN:
SF:client/src/pages/CategoryProduct.js
FN:6,(anonymous_0)
FN:12,(anonymous_1)
FN:15,(anonymous_2)
FN:35,(anonymous_3)
FN:58,(anonymous_4)
FNF:5
FNH:5
FNDA:13,(anonymous_0)
FNDA:8,(anonymous_1)
FNDA:7,(anonymous_2)
FNDA:9,(anonymous_3)
FNDA:1,(anonymous_4)
DA:6,2
DA:7,13
DA:8,13
DA:9,13
DA:10,13
DA:12,13
DA:13,8
DA:15,13
DA:16,7
DA:17,7
DA:20,7
DA:21,7
DA:23,0
DA:27,13
DA:36,9
DA:58,1
LF:16
LH:15
BRDA:13,0,0,7
BRDA:13,0,1,1
BRF:2
BRH:2
end_of_record
TN:
SF:client/src/pages/Contact.js
FN:4,(anonymous_0)
FNF:1
FNH:1
FNDA:5,(anonymous_0)
DA:4,1
DA:5,5
LF:2
LH:2
BRF:0
BRH:0
end_of_record
TN:
SF:client/src/pages/HomePage.js
FN:12,(anonymous_0)
FN:24,(anonymous_1)
FN:35,(anonymous_2)
FN:40,(anonymous_3)
FN:53,(anonymous_4)
FN:62,(anonymous_5)
FN:67,(anonymous_6)
FN:80,(anonymous_7)
FN:85,(anonymous_8)
FN:89,(anonymous_9)
FN:93,(anonymous_10)
FN:98,(anonymous_11)
FN:123,(anonymous_12)
FN:126,(anonymous_13)
FN:135,(anonymous_14)
FN:136,(anonymous_15)
FN:146,(anonymous_16)
FN:155,(anonymous_17)
FN:178,(anonymous_18)
FN:184,(anonymous_19)
FN:204,(anonymous_20)
FNF:21
FNH:17
FNDA:76,(anonymous_0)
FNDA:22,(anonymous_1)
FNDA:22,(anonymous_2)
FNDA:28,(anonymous_3)
FNDA:22,(anonymous_4)
FNDA:22,(anonymous_5)
FNDA:0,(anonymous_6)
FNDA:5,(anonymous_7)
FNDA:0,(anonymous_8)
FNDA:29,(anonymous_9)
FNDA:29,(anonymous_10)
FNDA:7,(anonymous_11)
FNDA:54,(anonymous_12)
FNDA:5,(anonymous_13)
FNDA:4,(anonymous_14)
FNDA:152,(anonymous_15)
FNDA:1,(anonymous_16)
FNDA:61,(anonymous_17)
FNDA:0,(anonymous_18)
FNDA:6,(anonymous_19)
FNDA:0,(anonymous_20)
DA:12,3
DA:13,76
DA:14,76
DA:15,76
DA:16,76
DA:17,76
DA:18,76
DA:19,76
DA:20,76
DA:21,76
DA:24,76
DA:25,22
DA:26,22
DA:27,22
DA:28,22
DA:31,0
DA:35,76
DA:36,22
DA:37,22
DA:40,76
DA:41,28
DA:42,28
DA:43,28
DA:44,28
DA:45,28
DA:47,0
DA:48,0
DA:53,76
DA:54,22
DA:55,22
DA:56,22
DA:58,0
DA:62,76
DA:63,22
DA:64,0
DA:67,76
DA:68,0
DA:69,0
DA:70,0
DA:71,0
DA:72,0
DA:74,0
DA:75,0
DA:80,76
DA:81,5
DA:82,5
DA:83,5
DA:85,0
DA:87,5
DA:89,76
DA:90,29
DA:93,76
DA:94,29
DA:98,76
DA:99,7
DA:100,7
DA:104,7
DA:106,0
DA:109,76
DA:124,54
DA:126,5
DA:135,4
DA:137,152
DA:146,1
DA:156,61
DA:178,0
DA:185,6
DA:186,6
DA:190,6
DA:205,0
DA:206,0
LF:71
LH:54
BRDA:27,0,0,22
BRDA:27,0,1,0
BRDA:63,1,0,22
BRDA:63,1,1,0
BRDA:82,2,0,5
BRDA:82,2,1,0
BRDA:90,3,0,28
BRDA:90,3,1,1
BRDA:90,4,0,29
BRDA:90,4,1,6
BRDA:94,5,0,7
BRDA:94,5,1,22
BRDA:94,6,0,29
BRDA:94,6,1,23
BRDA:201,7,0,76
BRDA:201,7,1,76
BRDA:201,7,2,3
BRDA:209,8,0,1
BRDA:209,8,1,2
BRF:19
BRH:16
end_of_record
TN:
SF:client/src/pages/Pagenotfound.js
FN:5,(anonymous_0)
FNF:1
FNH:1
FNDA:6,(anonymous_0)
DA:5,1
DA:6,6
LF:2
LH:2
BRF:0
BRH:0
end_of_record
TN:
SF:client/src/pages/Policy.js
FN:4,(anonymous_0)
FNF:1
FNH:1
FNDA:5,(anonymous_0)
DA:4,1
DA:5,5
LF:2
LH:2
BRF:0
BRH:0
end_of_record
TN:
SF:client/src/pages/ProductDetails.js
FN:16,(anonymous_0)
FN:24,(anonymous_1)
FN:28,(anonymous_2)
FN:40,(anonymous_3)
FN:77,(anonymous_4)
FN:94,(anonymous_5)
FN:117,(anonymous_6)
FN:123,(anonymous_7)
FNF:8
FNH:6
FNDA:24,(anonymous_0)
FNDA:13,(anonymous_1)
FNDA:13,(anonymous_2)
FNDA:10,(anonymous_3)
FNDA:0,(anonymous_4)
FNDA:16,(anonymous_5)
FNDA:1,(anonymous_6)
FNDA:0,(anonymous_7)
DA:16,2
DA:17,24
DA:18,23
DA:19,23
DA:20,23
DA:21,23
DA:24,23
DA:25,13
DA:28,23
DA:29,13
DA:30,13
DA:33,12
DA:34,12
DA:36,3
DA:40,23
DA:41,10
DA:42,10
DA:45,9
DA:47,1
DA:50,23
DA:78,0
DA:79,0
DA:80,0
DA:95,16
DA:117,1
DA:124,0
DA:125,0
DA:129,0
LF:28
LH:22
BRDA:25,0,0,13
BRDA:25,0,1,0
BRDA:90,1,0,23
BRDA:90,1,1,17
BRF:4
BRH:3
end_of_record
TN:
SF:client/src/pages/Search.js
FN:9,(anonymous_0)
FN:25,(anonymous_1)
FN:44,(anonymous_2)
FN:50,(anonymous_3)
FNF:4
FNH:4
FNDA:4,(anonymous_0)
FNDA:4,(anonymous_1)
FNDA:1,(anonymous_2)
FNDA:1,(anonymous_3)
DA:9,1
DA:10,4
DA:11,4
DA:12,4
DA:14,4
DA:26,4
DA:44,1
DA:51,1
DA:52,1
DA:56,1
LF:10
LH:10
BRDA:20,0,0,1
BRDA:20,0,1,3
BRF:2
BRH:2
end_of_record
TN:
SF:client/src/pages/Auth/Login.js
FN:11,(anonymous_0)
FN:20,(anonymous_1)
FN:62,(anonymous_2)
FN:73,(anonymous_3)
FN:84,(anonymous_4)
FNF:5
FNH:5
FNDA:180,(anonymous_0)
FNDA:6,(anonymous_1)
FNDA:96,(anonymous_2)
FNDA:70,(anonymous_3)
FNDA:1,(anonymous_4)
DA:11,1
DA:12,180
DA:13,180
DA:14,180
DA:16,180
DA:17,180
DA:20,180
DA:21,6
DA:22,6
DA:23,6
DA:27,5
DA:28,3
DA:36,3
DA:41,3
DA:42,3
DA:44,2
DA:47,1
DA:48,1
DA:51,180
DA:62,96
DA:73,70
DA:85,1
LF:22
LH:22
BRDA:27,0,0,3
BRDA:27,0,1,2
BRDA:27,1,0,5
BRDA:27,1,1,5
BRDA:42,2,0,3
BRDA:42,2,1,3
BRDA:44,3,0,2
BRDA:44,3,1,1
BRF:8
BRH:8
end_of_record
TN:
SF:client/src/pages/Auth/Register.js
FN:10,(anonymous_0)
FN:21,(anonymous_1)
FN:53,(anonymous_2)
FN:65,(anonymous_3)
FN:76,(anonymous_4)
FN:87,(anonymous_5)
FN:98,(anonymous_6)
FN:109,(anonymous_7)
FN:120,(anonymous_8)
FNF:9
FNH:9
FNDA:305,(anonymous_0)
FNDA:5,(anonymous_1)
FNDA:40,(anonymous_2)
FNDA:80,(anonymous_3)
FNDA:44,(anonymous_4)
FNDA:50,(anonymous_5)
FNDA:44,(anonymous_6)
FNDA:4,(anonymous_7)
FNDA:32,(anonymous_8)
DA:10,1
DA:11,305
DA:12,305
DA:13,305
DA:14,305
DA:15,305
DA:16,305
DA:17,305
DA:18,305
DA:21,305
DA:22,5
DA:23,5
DA:24,5
DA:33,4
DA:34,2
DA:35,2
DA:37,2
DA:40,1
DA:44,305
DA:53,40
DA:65,80
DA:76,44
DA:87,50
DA:98,44
DA:109,4
DA:120,32
LF:26
LH:26
BRDA:33,0,0,2
BRDA:33,0,1,2
BRDA:33,1,0,4
BRDA:33,1,1,4
BRDA:37,2,0,2
BRDA:37,2,1,1
BRF:6
BRH:6
end_of_record
TN:
SF:client/src/pages/admin/AdminDashboard.js
FN:5,(anonymous_0)
FNF:1
FNH:1
FNDA:3,(anonymous_0)
DA:5,1
DA:6,3
DA:7,3
LF:3
LH:3
BRF:0
BRH:0
end_of_record
TN:
SF:client/src/pages/admin/AdminOrders.js
FN:13,(anonymous_0)
FN:24,(anonymous_1)
FN:34,(anonymous_2)
FN:38,(anonymous_3)
FN:57,(anonymous_4)
FN:78,(anonymous_5)
FN:83,(anonymous_6)
FN:100,(anonymous_7)
FNF:8
FNH:8
FNDA:70,(anonymous_0)
FNDA:43,(anonymous_1)
FNDA:37,(anonymous_2)
FNDA:8,(anonymous_3)
FNDA:33,(anonymous_4)
FNDA:8,(anonymous_5)
FNDA:165,(anonymous_6)
FNDA:10,(anonymous_7)
DA:11,1
DA:13,1
DA:14,70
DA:21,69
DA:22,69
DA:23,69
DA:24,69
DA:25,43
DA:26,43
DA:27,42
DA:29,1
DA:30,1
DA:34,69
DA:35,37
DA:38,69
DA:39,8
DA:40,8
DA:43,7
DA:45,1
DA:48,69
DA:58,33
DA:59,33
DA:78,8
DA:84,165
DA:101,10
LF:25
LH:25
BRDA:27,0,0,42
BRDA:27,0,1,0
BRDA:35,1,0,36
BRDA:35,1,1,1
BRDA:56,2,0,28
BRDA:56,2,1,41
BRDA:56,3,0,69
BRDA:56,3,1,69
BRDA:58,4,0,32
BRDA:58,4,1,1
BRDA:60,5,0,33
BRDA:60,5,1,0
BRDA:60,6,0,33
BRDA:60,6,1,33
BRDA:78,7,0,8
BRDA:78,7,1,8
BRDA:79,8,0,33
BRDA:79,8,1,0
BRDA:79,9,0,33
BRDA:79,9,1,33
BRDA:82,10,0,33
BRDA:82,10,1,0
BRDA:91,11,0,31
BRDA:91,11,1,2
BRDA:91,12,0,33
BRDA:91,12,1,33
BRDA:91,12,2,32
BRDA:92,13,0,33
BRDA:92,13,1,0
BRDA:92,14,0,33
BRDA:92,14,1,33
BRDA:93,15,0,30
BRDA:93,15,1,3
BRDA:93,16,0,33
BRDA:93,16,1,33
BRDA:93,16,2,33
BRDA:99,17,0,7
BRDA:99,17,1,26
BRDA:101,18,0,10
BRDA:101,18,1,0
BRDA:101,19,0,10
BRDA:101,19,1,10
BRDA:104,20,0,10
BRDA:104,20,1,10
BRDA:106,21,0,10
BRDA:106,21,1,0
BRDA:106,22,0,10
BRDA:106,22,1,10
BRDA:112,23,0,10
BRDA:112,23,1,0
BRDA:112,24,0,10
BRDA:112,24,1,10
BRDA:113,25,0,10
BRDA:113,25,1,0
BRDA:113,26,0,10
BRDA:113,26,1,10
BRDA:114,27,0,10
BRDA:114,27,1,0
BRDA:114,28,0,10
BRDA:114,28,1,10
BRF:60
BRH:50
end_of_record
TN:
SF:client/src/pages/admin/CreateCategory.js
FN:8,(anonymous_0)
FN:15,(anonymous_1)
FN:34,(anonymous_2)
FN:46,(anonymous_3)
FN:51,(anonymous_4)
FN:72,(anonymous_5)
FN:113,(anonymous_6)
FN:120,(anonymous_7)
FN:130,(anonymous_8)
FN:144,(anonymous_9)
FNF:10
FNH:9
FNDA:51,(anonymous_0)
FNDA:2,(anonymous_1)
FNDA:12,(anonymous_2)
FNDA:9,(anonymous_3)
FNDA:2,(anonymous_4)
FNDA:2,(anonymous_5)
FNDA:38,(anonymous_6)
FNDA:2,(anonymous_7)
FNDA:2,(anonymous_8)
FNDA:0,(anonymous_9)
DA:8,1
DA:9,51
DA:10,50
DA:11,50
DA:12,50
DA:13,50
DA:15,50
DA:16,2
DA:17,2
DA:18,2
DA:21,2
DA:22,1
DA:23,1
DA:25,1
DA:28,0
DA:29,0
DA:34,50
DA:35,12
DA:36,12
DA:37,11
DA:38,11
DA:41,1
DA:42,1
DA:46,50
DA:47,9
DA:51,50
DA:52,2
DA:53,2
DA:54,2
DA:58,1
DA:59,1
DA:60,1
DA:61,1
DA:62,1
DA:63,1
DA:65,0
DA:68,1
DA:72,50
DA:73,2
DA:74,2
DA:77,1
DA:78,1
DA:80,1
DA:82,0
DA:85,1
DA:88,50
DA:114,38
DA:121,2
DA:122,2
DA:123,2
DA:131,2
DA:144,0
LF:52
LH:47
BRDA:21,0,0,1
BRDA:21,0,1,1
BRDA:37,1,0,11
BRDA:37,1,1,0
BRDA:58,2,0,1
BRDA:58,2,1,0
BRDA:77,3,0,1
BRDA:77,3,1,0
BRF:8
BRH:5
end_of_record
TN:
SF:client/src/pages/admin/CreateProduct.js
FN:10,(anonymous_0)
FN:22,(anonymous_1)
FN:34,(anonymous_2)
FN:39,(anonymous_3)
FN:81,(anonymous_4)
FN:85,(anonymous_5)
FN:98,(anonymous_6)
FN:121,(anonymous_7)
FN:130,(anonymous_8)
FN:140,(anonymous_9)
FN:149,(anonymous_10)
FN:159,(anonymous_11)
FNF:12
FNH:11
FNDA:31,(anonymous_0)
FNDA:6,(anonymous_1)
FNDA:6,(anonymous_2)
FNDA:2,(anonymous_3)
FNDA:1,(anonymous_4)
FNDA:23,(anonymous_5)
FNDA:1,(anonymous_6)
FNDA:5,(anonymous_7)
FNDA:11,(anonymous_8)
FNDA:2,(anonymous_9)
FNDA:1,(anonymous_10)
FNDA:0,(anonymous_11)
DA:8,1
DA:10,1
DA:11,31
DA:12,31
DA:13,30
DA:14,30
DA:15,30
DA:16,30
DA:17,30
DA:18,30
DA:19,30
DA:22,30
DA:23,6
DA:24,6
DA:25,5
DA:26,5
DA:29,1
DA:30,1
DA:34,30
DA:35,6
DA:39,30
DA:40,2
DA:41,2
DA:42,2
DA:43,2
DA:44,2
DA:45,2
DA:46,2
DA:47,2
DA:48,2
DA:49,2
DA:53,2
DA:54,1
DA:56,1
DA:57,1
DA:60,0
DA:61,0
DA:65,30
DA:82,1
DA:86,23
DA:98,1
DA:121,5
DA:130,11
DA:140,2
DA:149,1
DA:160,0
LF:46
LH:43
BRDA:25,0,0,5
BRDA:25,0,1,0
BRDA:53,1,0,1
BRDA:53,1,1,1
BRDA:93,2,0,1
BRDA:93,2,1,29
BRDA:104,3,0,30
BRDA:104,3,1,1
BRF:8
BRH:7
end_of_record
TN:
SF:client/src/pages/admin/Products.js
FN:7,(anonymous_0)
FN:11,(anonymous_1)
FN:22,(anonymous_2)
FN:34,(anonymous_3)
FNF:4
FNH:4
FNDA:14,(anonymous_0)
FNDA:8,(anonymous_1)
FNDA:8,(anonymous_2)
FNDA:5,(anonymous_3)
DA:7,1
DA:8,14
DA:11,13
DA:12,8
DA:13,8
DA:14,7
DA:16,1
DA:17,1
DA:22,13
DA:23,8
DA:25,13
DA:35,5
LF:12
LH:12
BRF:0
BRH:0
end_of_record
TN:
SF:client/src/pages/admin/UpdateProduct.js
FN:10,(anonymous_0)
FN:24,(anonymous_1)
FN:41,(anonymous_2)
FN:46,(anonymous_3)
FN:58,(anonymous_4)
FN:63,(anonymous_5)
FN:90,(anonymous_6)
FN:120,(anonymous_7)
FN:125,(anonymous_8)
FN:138,(anonymous_9)
FN:170,(anonymous_10)
FN:179,(anonymous_11)
FN:189,(anonymous_12)
FN:198,(anonymous_13)
FN:208,(anonymous_14)
FNF:15
FNH:10
FNDA:26,(anonymous_0)
FNDA:8,(anonymous_1)
FNDA:8,(anonymous_2)
FNDA:8,(anonymous_3)
FNDA:8,(anonymous_4)
FNDA:2,(anonymous_5)
FNDA:2,(anonymous_6)
FNDA:0,(anonymous_7)
FNDA:34,(anonymous_8)
FNDA:1,(anonymous_9)
FNDA:8,(anonymous_10)
FNDA:0,(anonymous_11)
FNDA:0,(anonymous_12)
FNDA:0,(anonymous_13)
FNDA:0,(anonymous_14)
DA:8,1
DA:10,1
DA:11,26
DA:12,26
DA:13,26
DA:14,25
DA:15,25
DA:16,25
DA:17,25
DA:18,25
DA:19,25
DA:20,25
DA:21,25
DA:24,25
DA:25,8
DA:26,8
DA:29,8
DA:30,8
DA:31,8
DA:32,8
DA:33,8
DA:34,8
DA:35,8
DA:36,8
DA:38,0
DA:41,25
DA:42,8
DA:46,25
DA:47,8
DA:48,8
DA:49,8
DA:50,8
DA:53,0
DA:54,0
DA:58,25
DA:59,8
DA:63,25
DA:64,2
DA:65,2
DA:66,2
DA:67,2
DA:68,2
DA:69,2
DA:70,2
DA:71,2
DA:72,2
DA:73,2
DA:77,2
DA:78,1
DA:80,1
DA:81,1
DA:84,0
DA:85,0
DA:90,25
DA:91,2
DA:92,2
DA:93,2
DA:94,1
DA:97,1
DA:98,1
DA:100,0
DA:101,0
DA:104,25
DA:121,0
DA:126,34
DA:138,1
DA:170,8
DA:179,0
DA:189,0
DA:198,0
DA:209,0
LF:71
LH:59
BRDA:49,0,0,8
BRDA:49,0,1,0
BRDA:71,1,0,2
BRDA:71,1,1,0
BRDA:77,2,0,1
BRDA:77,2,1,1
BRDA:93,3,0,1
BRDA:93,3,1,1
BRDA:133,4,0,1
BRDA:133,4,1,24
BRDA:144,5,0,1
BRDA:144,5,1,24
BRDA:211,6,0,17
BRDA:211,6,1,8
BRF:14
BRH:12
end_of_record
TN:
SF:client/src/pages/admin/Users.js
FN:5,(anonymous_0)
FNF:1
FNH:1
FNDA:4,(anonymous_0)
DA:5,1
DA:6,4
LF:2
LH:2
BRF:0
BRH:0
end_of_record
TN:
SF:client/src/pages/user/Orders.js
FN:9,(anonymous_0)
FN:12,(anonymous_1)
FN:21,(anonymous_2)
FN:33,(anonymous_3)
FN:59,(anonymous_4)
FNF:5
FNH:5
FNDA:39,(anonymous_0)
FNDA:21,(anonymous_1)
FNDA:22,(anonymous_2)
FNDA:15,(anonymous_3)
FNDA:6,(anonymous_4)
DA:9,1
DA:10,39
DA:11,38
DA:12,38
DA:13,21
DA:14,21
DA:15,20
DA:17,1
DA:21,38
DA:22,22
DA:24,38
DA:34,15
DA:60,6
LF:13
LH:13
BRDA:22,0,0,21
BRDA:22,0,1,1
BRDA:53,1,0,11
BRDA:53,1,1,4
BRF:4
BRH:4
end_of_record
TN:
SF:client/src/pages/user/Profile.js
FN:8,(anonymous_0)
FN:19,(anonymous_1)
FN:31,(anonymous_2)
FN:72,(anonymous_3)
FN:83,(anonymous_4)
FN:94,(anonymous_5)
FN:104,(anonymous_6)
FN:114,(anonymous_7)
FNF:8
FNH:8
FNDA:24,(anonymous_0)
FNDA:8,(anonymous_1)
FNDA:5,(anonymous_2)
FNDA:2,(anonymous_3)
FNDA:1,(anonymous_4)
FNDA:2,(anonymous_5)
FNDA:2,(anonymous_6)
FNDA:2,(anonymous_7)
DA:8,1
DA:10,24
DA:12,24
DA:13,24
DA:14,24
DA:15,24
DA:16,24
DA:19,24
DA:21,8
DA:22,8
DA:23,7
DA:24,7
DA:25,7
DA:26,7
DA:27,7
DA:31,24
DA:32,5
DA:33,5
DA:34,5
DA:41,4
DA:42,4
DA:43,2
DA:45,2
DA:46,2
DA:47,2
DA:48,2
DA:49,2
DA:50,2
DA:53,1
DA:54,1
DA:57,24
DA:72,2
DA:83,1
DA:94,2
DA:104,2
DA:114,2
LF:36
LH:36
BRDA:22,0,0,1
BRDA:22,0,1,7
BRDA:41,1,0,4
BRDA:41,1,1,2
BRDA:42,2,0,2
BRDA:42,2,1,2
BRF:6
BRH:6
end_of_record
TN:
SF:controllers/authController.js
FN:9,(anonymous_0)
FN:68,(anonymous_1)
FN:122,(anonymous_2)
FN:160,(anonymous_3)
FN:170,(anonymous_4)
FN:205,(anonymous_5)
FN:222,(anonymous_6)
FN:241,(anonymous_7)
FNF:8
FNH:8
FNDA:12,(anonymous_0)
FNDA:8,(anonymous_1)
FNDA:8,(anonymous_2)
FNDA:2,(anonymous_3)
FNDA:8,(anonymous_4)
FNDA:3,(anonymous_5)
FNDA:3,(anonymous_6)
FNDA:2,(anonymous_7)
DA:9,2
DA:10,12
DA:11,12
DA:13,12
DA:14,2
DA:16,10
DA:17,1
DA:19,9
DA:20,1
DA:22,8
DA:23,1
DA:25,7
DA:26,1
DA:28,6
DA:29,1
DA:32,5
DA:34,4
DA:35,2
DA:41,2
DA:43,2
DA:52,2
DA:58,1
DA:59,1
DA:68,2
DA:69,8
DA:70,8
DA:72,8
DA:73,2
DA:79,6
DA:80,5
DA:81,1
DA:86,4
DA:87,4
DA:88,2
DA:94,2
DA:97,2
DA:111,1
DA:112,1
DA:122,2
DA:123,8
DA:124,8
DA:125,8
DA:126,2
DA:128,6
DA:129,1
DA:131,5
DA:132,1
DA:135,4
DA:137,3
DA:138,1
DA:143,2
DA:144,2
DA:145,2
DA:150,1
DA:151,1
DA:160,2
DA:161,2
DA:162,2
DA:164,1
DA:165,1
DA:170,2
DA:171,8
DA:172,8
DA:173,8
DA:175,7
DA:176,1
DA:178,6
DA:179,6
DA:189,6
DA:195,1
DA:196,1
DA:205,2
DA:206,3
DA:207,3
DA:211,2
DA:213,1
DA:214,1
DA:222,2
DA:223,3
DA:224,3
DA:229,2
DA:231,1
DA:232,1
DA:241,2
DA:242,2
DA:243,2
DA:244,2
DA:245,2
DA:250,1
DA:252,1
DA:253,1
LF:91
LH:91
BRDA:13,0,0,2
BRDA:13,0,1,10
BRDA:16,1,0,1
BRDA:16,1,1,9
BRDA:19,2,0,1
BRDA:19,2,1,8
BRDA:22,3,0,1
BRDA:22,3,1,7
BRDA:25,4,0,1
BRDA:25,4,1,6
BRDA:28,5,0,1
BRDA:28,5,1,5
BRDA:34,6,0,2
BRDA:34,6,1,2
BRDA:72,7,0,2
BRDA:72,7,1,6
BRDA:72,8,0,8
BRDA:72,8,1,6
BRDA:80,9,0,1
BRDA:80,9,1,4
BRDA:87,10,0,2
BRDA:87,10,1,2
BRDA:125,11,0,2
BRDA:125,11,1,6
BRDA:128,12,0,1
BRDA:128,12,1,5
BRDA:131,13,0,1
BRDA:131,13,1,4
BRDA:137,14,0,1
BRDA:137,14,1,2
BRDA:175,15,0,1
BRDA:175,15,1,6
BRDA:175,16,0,7
BRDA:175,16,1,3
BRDA:178,17,0,2
BRDA:178,17,1,4
BRDA:182,18,0,6
BRDA:182,18,1,1
BRDA:183,19,0,6
BRDA:183,19,1,4
BRDA:184,20,0,6
BRDA:184,20,1,2
BRDA:185,21,0,6
BRDA:185,21,1,2
BRF:44
BRH:44
end_of_record
TN:
SF:controllers/productController.js
FN:20,(anonymous_0)
FN:65,(anonymous_1)
FN:89,(anonymous_2)
FN:111,(anonymous_3)
FN:129,(anonymous_4)
FN:147,(anonymous_5)
FN:196,(anonymous_6)
FN:218,(anonymous_7)
FN:236,(anonymous_8)
FN:261,(anonymous_9)
FN:284,(anonymous_10)
FN:310,(anonymous_11)
FN:331,(anonymous_12)
FN:333,(anonymous_13)
FN:346,(anonymous_14)
FN:350,(anonymous_15)
FN:361,(anonymous_16)
FNF:17
FNH:17
FNDA:9,(anonymous_0)
FNDA:2,(anonymous_1)
FNDA:2,(anonymous_2)
FNDA:3,(anonymous_3)
FNDA:2,(anonymous_4)
FNDA:9,(anonymous_5)
FNDA:3,(anonymous_6)
FNDA:2,(anonymous_7)
FNDA:3,(anonymous_8)
FNDA:2,(anonymous_9)
FNDA:2,(anonymous_10)
FNDA:2,(anonymous_11)
FNDA:3,(anonymous_12)
FNDA:2,(anonymous_13)
FNDA:3,(anonymous_14)
FNDA:4,(anonymous_15)
FNDA:2,(anonymous_16)
DA:10,2
DA:13,2
DA:20,2
DA:21,9
DA:23,9
DA:24,9
DA:26,9
DA:28,1
DA:30,1
DA:32,1
DA:34,1
DA:36,1
DA:38,1
DA:43,3
DA:44,3
DA:45,1
DA:46,1
DA:48,3
DA:49,2
DA:55,1
DA:56,1
DA:65,2
DA:66,2
DA:67,2
DA:73,1
DA:80,1
DA:81,1
DA:89,2
DA:90,2
DA:91,2
DA:95,1
DA:101,1
DA:102,1
DA:111,2
DA:112,3
DA:113,3
DA:114,2
DA:115,1
DA:116,1
DA:119,1
DA:120,1
DA:129,2
DA:130,2
DA:131,2
DA:132,1
DA:137,1
DA:138,1
DA:147,2
DA:148,9
DA:150,9
DA:151,9
DA:153,9
DA:155,1
DA:157,1
DA:159,1
DA:161,1
DA:163,1
DA:165,1
DA:170,3
DA:175,2
DA:176,1
DA:177,1
DA:179,2
DA:180,2
DA:186,1
DA:187,1
DA:196,2
DA:197,3
DA:198,3
DA:199,3
DA:200,3
DA:201,3
DA:202,3
DA:203,2
DA:208,1
DA:209,1
DA:218,2
DA:219,2
DA:220,2
DA:221,1
DA:226,1
DA:227,1
DA:236,2
DA:237,3
DA:238,3
DA:239,3
DA:240,3
DA:246,2
DA:251,1
DA:252,1
DA:261,2
DA:262,2
DA:263,2
DA:264,2
DA:272,1
DA:274,1
DA:275,1
DA:284,2
DA:285,2
DA:286,2
DA:287,2
DA:295,1
DA:300,1
DA:301,1
DA:310,2
DA:311,2
DA:312,2
DA:313,1
DA:314,1
DA:320,1
DA:321,1
DA:331,2
DA:332,3
DA:333,3
DA:334,2
DA:335,1
DA:337,1
DA:341,1
DA:346,2
DA:347,3
DA:348,3
DA:349,3
DA:350,3
DA:351,4
DA:353,3
DA:362,2
DA:363,1
DA:368,1
DA:370,1
DA:375,1
LF:130
LH:130
BRDA:26,0,0,1
BRDA:26,0,1,1
BRDA:26,0,2,1
BRDA:26,0,3,1
BRDA:26,0,4,1
BRDA:26,0,5,1
BRDA:37,1,0,4
BRDA:37,1,1,2
BRDA:44,2,0,1
BRDA:44,2,1,2
BRDA:114,3,0,1
BRDA:114,3,1,1
BRDA:153,4,0,1
BRDA:153,4,1,1
BRDA:153,4,2,1
BRDA:153,4,3,1
BRDA:153,4,4,1
BRDA:153,4,5,1
BRDA:164,5,0,4
BRDA:164,5,1,2
BRDA:175,6,0,1
BRDA:175,6,1,1
BRDA:200,7,0,2
BRDA:200,7,1,1
BRDA:201,8,0,2
BRDA:201,8,1,1
BRDA:239,9,0,2
BRDA:239,9,1,1
BRDA:334,10,0,1
BRDA:334,10,1,1
BRDA:362,11,0,1
BRDA:362,11,1,1
BRF:32
BRH:32
end_of_record
TN:
SF:helpers/authHelper.js
FN:3,(anonymous_0)
FN:14,(anonymous_1)
FNF:2
FNH:2
FNDA:2,(anonymous_0)
FNDA:1,(anonymous_1)
DA:3,3
DA:4,2
DA:5,2
DA:6,2
DA:7,1
DA:10,1
DA:14,3
DA:15,1
LF:8
LH:8
BRF:0
BRH:0
end_of_record
TN:
SF:middlewares/authMiddleware.js
FN:5,(anonymous_0)
FN:29,(anonymous_1)
FNF:2
FNH:2
FNDA:9,(anonymous_0)
FNDA:6,(anonymous_1)
DA:5,2
DA:6,9
DA:7,9
DA:8,1
DA:13,8
DA:17,7
DA:18,7
DA:20,1
DA:21,1
DA:29,2
DA:30,6
DA:31,6
DA:32,5
DA:33,2
DA:38,3
DA:41,1
DA:42,1
LF:17
LH:17
BRDA:7,0,0,1
BRDA:7,0,1,8
BRDA:32,1,0,2
BRDA:32,1,1,3
BRF:4
BRH:4
end_of_record
TN:
SF:models/categoryModel.js
FNF:0
FNH:0
DA:3,2
LF:1
LH:1
BRF:0
BRH:0
end_of_record
TN:
SF:models/orderModel.js
FNF:0
FNH:0
DA:3,4
LF:1
LH:1
BRF:0
BRH:0
end_of_record
TN:
SF:models/productModel.js
FNF:0
FNH:0
DA:3,2
LF:1
LH:1
BRF:0
BRH:0
end_of_record
TN:
SF:models/userModel.js
FNF:0
FNH:0
DA:3,3
LF:1
LH:1
BRF:0
BRH:0
end_of_record
TN:
SF:routes/authRoute.js
FN:31,(anonymous_0)
FN:35,(anonymous_1)
FNF:2
FNH:2
FNDA:1,(anonymous_0)
FNDA:1,(anonymous_1)
DA:15,1
DA:19,1
DA:22,1
DA:25,1
DA:28,1
DA:31,1
DA:32,1
DA:35,1
DA:36,1
DA:40,1
DA:43,1
DA:46,1
DA:49,1
LF:13
LH:13
BRF:0
BRH:0
end_of_record
